0 verbose cli /usr/local/bin/node /usr/local/bin/npm
1 info using npm@10.9.3
2 info using node@v22.20.0
3 silly config load:file:/usr/local/lib/node_modules/npm/npmrc
4 silly config load:file:/Users/soniaarora/code/rollstone/.npmrc
5 silly config load:file:/Users/soniaarora/.npmrc
6 silly config load:file:/usr/local/etc/npmrc
7 verbose title npm install @expo/vector-icons
8 verbose argv "install" "--save" "@expo/vector-icons" "--cache" "./.npm-cache" "--legacy-peer-deps"
9 verbose logfile logs-max:10 dir:/Users/soniaarora/code/rollstone/.npm-cache/_logs/2026-06-20T07_12_17_750Z-
10 verbose logfile /Users/soniaarora/code/rollstone/.npm-cache/_logs/2026-06-20T07_12_17_750Z-debug-0.log
11 silly logfile done cleaning log files
12 silly packumentCache heap:4345298944 maxSize:1086324736 maxEntrySize:543162368
13 silly idealTree buildDeps
14 silly fetch manifest @expo/vector-icons@*
15 silly packumentCache full:https://registry.npmjs.org/@expo%2fvector-icons cache-miss
16 http cache https://registry.npmjs.org/@expo%2fvector-icons 61ms (cache hit)
17 silly packumentCache full:https://registry.npmjs.org/@expo%2fvector-icons set size:222376 disposed:false
18 silly placeDep ROOT @expo/vector-icons@15.1.1 OK for: rollstone@1.0.0 want: *
19 silly reify mark retired [
19 silly reify   '/Users/soniaarora/code/rollstone/node_modules/expo/node_modules/@expo/vector-icons'
19 silly reify ]
20 silly reify moves {
20 silly reify   '/Users/soniaarora/code/rollstone/node_modules/expo/node_modules/@expo/vector-icons': '/Users/soniaarora/code/rollstone/node_modules/expo/node_modules/@expo/.vector-icons-fj7eCwDn'
20 silly reify }
21 silly audit bulk request {
21 silly audit   '@0no-co/graphql.web': [ '1.3.2' ],
21 silly audit   '@babel/code-frame': [ '7.29.7', '7.10.4' ],
21 silly audit   '@babel/compat-data': [ '7.29.7' ],
21 silly audit   '@babel/core': [ '7.29.7' ],
21 silly audit   semver: [ '6.3.1', '7.6.3', '7.7.2', '7.8.5' ],
21 silly audit   '@babel/generator': [ '7.29.7' ],
21 silly audit   '@babel/helper-annotate-as-pure': [ '7.29.7' ],
21 silly audit   '@babel/helper-compilation-targets': [ '7.29.7' ],
21 silly audit   '@babel/helper-create-class-features-plugin': [ '7.29.7' ],
21 silly audit   '@babel/helper-create-regexp-features-plugin': [ '7.29.7' ],
21 silly audit   '@babel/helper-define-polyfill-provider': [ '0.6.8' ],
21 silly audit   '@babel/helper-globals': [ '7.29.7' ],
21 silly audit   '@babel/helper-member-expression-to-functions': [ '7.29.7' ],
21 silly audit   '@babel/helper-module-imports': [ '7.29.7' ],
21 silly audit   '@babel/helper-module-transforms': [ '7.29.7' ],
21 silly audit   '@babel/helper-optimise-call-expression': [ '7.29.7' ],
21 silly audit   '@babel/helper-plugin-utils': [ '7.29.7' ],
21 silly audit   '@babel/helper-remap-async-to-generator': [ '7.29.7' ],
21 silly audit   '@babel/helper-replace-supers': [ '7.29.7' ],
21 silly audit   '@babel/helper-skip-transparent-expression-wrappers': [ '7.29.7' ],
21 silly audit   '@babel/helper-string-parser': [ '7.29.7' ],
21 silly audit   '@babel/helper-validator-identifier': [ '7.29.7' ],
21 silly audit   '@babel/helper-validator-option': [ '7.29.7' ],
21 silly audit   '@babel/helper-wrap-function': [ '7.29.7' ],
21 silly audit   '@babel/helpers': [ '7.29.7' ],
21 silly audit   '@babel/highlight': [ '7.25.9' ],
21 silly audit   'ansi-styles': [ '3.2.1', '4.3.0', '5.2.0' ],
21 silly audit   chalk: [ '2.4.2', '4.1.2' ],
21 silly audit   'color-convert': [ '1.9.3', '2.0.1' ],
21 silly audit   'color-name': [ '1.1.3', '1.1.4' ],
21 silly audit   'escape-string-regexp': [ '1.0.5', '4.0.0', '2.0.0' ],
21 silly audit   'has-flag': [ '3.0.0', '4.0.0' ],
21 silly audit   'supports-color': [ '5.5.0', '8.1.1', '7.2.0' ],
21 silly audit   '@babel/parser': [ '7.29.7' ],
21 silly audit   '@babel/plugin-proposal-decorators': [ '7.29.7' ],
21 silly audit   '@babel/plugin-proposal-export-default-from': [ '7.29.7' ],
21 silly audit   '@babel/plugin-syntax-async-generators': [ '7.8.4' ],
21 silly audit   '@babel/plugin-syntax-bigint': [ '7.8.3' ],
21 silly audit   '@babel/plugin-syntax-class-properties': [ '7.12.13' ],
21 silly audit   '@babel/plugin-syntax-class-static-block': [ '7.14.5' ],
21 silly audit   '@babel/plugin-syntax-decorators': [ '7.29.7' ],
21 silly audit   '@babel/plugin-syntax-dynamic-import': [ '7.8.3' ],
21 silly audit   '@babel/plugin-syntax-export-default-from': [ '7.29.7' ],
21 silly audit   '@babel/plugin-syntax-flow': [ '7.29.7' ],
21 silly audit   '@babel/plugin-syntax-import-attributes': [ '7.29.7' ],
21 silly audit   '@babel/plugin-syntax-import-meta': [ '7.10.4' ],
21 silly audit   '@babel/plugin-syntax-json-strings': [ '7.8.3' ],
21 silly audit   '@babel/plugin-syntax-jsx': [ '7.29.7' ],
21 silly audit   '@babel/plugin-syntax-logical-assignment-operators': [ '7.10.4' ],
21 silly audit   '@babel/plugin-syntax-nullish-coalescing-operator': [ '7.8.3' ],
21 silly audit   '@babel/plugin-syntax-numeric-separator': [ '7.10.4' ],
21 silly audit   '@babel/plugin-syntax-object-rest-spread': [ '7.8.3' ],
21 silly audit   '@babel/plugin-syntax-optional-catch-binding': [ '7.8.3' ],
21 silly audit   '@babel/plugin-syntax-optional-chaining': [ '7.8.3' ],
21 silly audit   '@babel/plugin-syntax-private-property-in-object': [ '7.14.5' ],
21 silly audit   '@babel/plugin-syntax-top-level-await': [ '7.14.5' ],
21 silly audit   '@babel/plugin-syntax-typescript': [ '7.29.7' ],
21 silly audit   '@babel/plugin-transform-arrow-functions': [ '7.29.7' ],
21 silly audit   '@babel/plugin-transform-async-generator-functions': [ '7.29.7' ],
21 silly audit   '@babel/plugin-transform-async-to-generator': [ '7.29.7' ],
21 silly audit   '@babel/plugin-transform-block-scoping': [ '7.29.7' ],
21 silly audit   '@babel/plugin-transform-class-properties': [ '7.29.7' ],
21 silly audit   '@babel/plugin-transform-class-static-block': [ '7.29.7' ],
21 silly audit   '@babel/plugin-transform-classes': [ '7.29.7' ],
21 silly audit   '@babel/plugin-transform-computed-properties': [ '7.29.7' ],
21 silly audit   '@babel/plugin-transform-destructuring': [ '7.29.7' ],
21 silly audit   '@babel/plugin-transform-export-namespace-from': [ '7.29.7' ],
21 silly audit   '@babel/plugin-transform-flow-strip-types': [ '7.29.7' ],
21 silly audit   '@babel/plugin-transform-for-of': [ '7.29.7' ],
21 silly audit   '@babel/plugin-transform-function-name': [ '7.29.7' ],
21 silly audit   '@babel/plugin-transform-literals': [ '7.29.7' ],
21 silly audit   '@babel/plugin-transform-logical-assignment-operators': [ '7.29.7' ],
21 silly audit   '@babel/plugin-transform-modules-commonjs': [ '7.29.7' ],
21 silly audit   '@babel/plugin-transform-named-capturing-groups-regex': [ '7.29.7' ],
21 silly audit   '@babel/plugin-transform-nullish-coalescing-operator': [ '7.29.7' ],
21 silly audit   '@babel/plugin-transform-numeric-separator': [ '7.29.7' ],
21 silly audit   '@babel/plugin-transform-object-rest-spread': [ '7.29.7' ],
21 silly audit   '@babel/plugin-transform-optional-catch-binding': [ '7.29.7' ],
21 silly audit   '@babel/plugin-transform-optional-chaining': [ '7.29.7' ],
21 silly audit   '@babel/plugin-transform-parameters': [ '7.29.7' ],
21 silly audit   '@babel/plugin-transform-private-methods': [ '7.29.7' ],
21 silly audit   '@babel/plugin-transform-private-property-in-object': [ '7.29.7' ],
21 silly audit   '@babel/plugin-transform-react-display-name': [ '7.29.7' ],
21 silly audit   '@babel/plugin-transform-react-jsx': [ '7.29.7' ],
21 silly audit   '@babel/plugin-transform-react-jsx-development': [ '7.29.7' ],
21 silly audit   '@babel/plugin-transform-react-jsx-self': [ '7.29.7' ],
21 silly audit   '@babel/plugin-transform-react-jsx-source': [ '7.29.7' ],
21 silly audit   '@babel/plugin-transform-react-pure-annotations': [ '7.29.7' ],
21 silly audit   '@babel/plugin-transform-regenerator': [ '7.29.7' ],
21 silly audit   '@babel/plugin-transform-runtime': [ '7.29.7' ],
21 silly audit   '@babel/plugin-transform-shorthand-properties': [ '7.29.7' ],
21 silly audit   '@babel/plugin-transform-spread': [ '7.29.7' ],
21 silly audit   '@babel/plugin-transform-sticky-regex': [ '7.29.7' ],
21 silly audit   '@babel/plugin-transform-template-literals': [ '7.29.7' ],
21 silly audit   '@babel/plugin-transform-typescript': [ '7.29.7' ],
21 silly audit   '@babel/plugin-transform-unicode-regex': [ '7.29.7' ],
21 silly audit   '@babel/preset-react': [ '7.29.7' ],
21 silly audit   '@babel/preset-typescript': [ '7.29.7' ],
21 silly audit   '@babel/runtime': [ '7.29.7' ],
21 silly audit   '@babel/template': [ '7.29.7' ],
21 silly audit   '@babel/traverse': [ '7.29.7' ],
21 silly audit   '@babel/types': [ '7.29.7' ],
21 silly audit   '@egjs/hammerjs': [ '2.0.17' ],
21 silly audit   '@expo/code-signing-certificates': [ '0.0.6' ],
21 silly audit   '@expo/config': [ '12.0.13' ],
21 silly audit   '@expo/config-plugins': [ '54.0.4' ],
21 silly audit   '@expo/json-file': [ '10.0.16', '10.2.0' ],
21 silly audit   '@expo/config-types': [ '54.0.10' ],
21 silly audit   '@expo/devcert': [ '1.2.1' ],
21 silly audit   debug: [ '3.2.7', '2.6.9', '4.4.3' ],
21 silly audit   '@expo/devtools': [ '0.1.8' ],
21 silly audit   '@expo/env': [ '2.0.11' ],
21 silly audit   '@expo/fingerprint': [ '0.15.5' ],
21 silly audit   '@expo/image-utils': [ '0.8.14' ],
21 silly audit   '@expo/metro': [ '54.2.0' ],
21 silly audit   '@expo/metro-runtime': [ '6.1.2' ],
21 silly audit   accepts: [ '1.3.8', '2.0.0' ],
21 silly audit   'hermes-estree': [ '0.32.0', '0.35.0', '0.29.1' ],
21 silly audit   'hermes-parser': [ '0.32.0', '0.35.0', '0.29.1' ],
21 silly audit   metro: [ '0.83.3', '0.83.7' ],
21 silly audit   'metro-babel-transformer': [ '0.83.3', '0.83.7' ],
21 silly audit   'metro-cache': [ '0.83.3', '0.83.7' ],
21 silly audit   'metro-cache-key': [ '0.83.3', '0.83.7' ],
21 silly audit   'metro-config': [ '0.83.3', '0.83.7' ],
21 silly audit   'metro-core': [ '0.83.3', '0.83.7' ],
21 silly audit   'metro-file-map': [ '0.83.3', '0.83.7' ],
21 silly audit   'metro-minify-terser': [ '0.83.3', '0.83.7' ],
21 silly audit   'metro-resolver': [ '0.83.3', '0.83.7' ],
21 silly audit   'metro-runtime': [ '0.83.3', '0.83.7' ],
21 silly audit   'metro-source-map': [ '0.83.3', '0.83.7' ],
21 silly audit   'metro-symbolicate': [ '0.83.3', '0.83.7' ],
21 silly audit   'metro-transform-plugins': [ '0.83.3', '0.83.7' ],
21 silly audit   'metro-transform-worker': [ '0.83.3', '0.83.7' ],
21 silly audit   'mime-db': [ '1.52.0', '1.54.0' ],
21 silly audit   'mime-types': [ '2.1.35', '3.0.2' ],
21 silly audit   negotiator: [ '0.6.3', '0.6.4', '1.0.0' ],
21 silly audit   ob1: [ '0.83.3', '0.83.7' ],
21 silly audit   '@expo/osascript': [ '2.6.0' ],
21 silly audit   '@expo/package-manager': [ '1.12.1' ],
21 silly audit   '@expo/plist': [ '0.4.9' ],
21 silly audit   '@expo/prebuild-config': [ '54.0.8' ],
21 silly audit   '@expo/require-utils': [ '55.0.5' ],
21 silly audit   '@expo/schema-utils': [ '0.1.8' ],
21 silly audit   '@expo/sdk-runtime-versions': [ '1.0.0' ],
21 silly audit   '@expo/spawn-async': [ '1.8.0' ],
21 silly audit   '@expo/sudo-prompt': [ '9.3.2' ],
21 silly audit   '@expo/ui': [ '0.2.0-canary-20260121-a63c0dd' ],
21 silly audit   '@expo/ws-tunnel': [ '1.0.6' ],
21 silly audit   '@expo/xcpretty': [ '4.4.4' ],
21 silly audit   '@isaacs/fs-minipass': [ '4.0.1' ],
21 silly audit   '@isaacs/ttlcache': [ '1.4.1' ],
21 silly audit   '@istanbuljs/load-nyc-config': [ '1.1.0' ],
21 silly audit   argparse: [ '1.0.10', '2.0.1' ],
21 silly audit   camelcase: [ '5.3.1', '6.3.0' ],
21 silly audit   'js-yaml': [ '3.14.2', '4.2.0' ],
21 silly audit   '@istanbuljs/schema': [ '0.1.6' ],
21 silly audit   '@jest/create-cache-key-function': [ '29.7.0' ],
21 silly audit   '@jest/environment': [ '29.7.0' ],
21 silly audit   '@jest/fake-timers': [ '29.7.0' ],
21 silly audit   '@jest/schemas': [ '29.6.3' ],
21 silly audit   '@jest/transform': [ '29.7.0' ],
21 silly audit   '@jest/types': [ '29.6.3' ],
21 silly audit   '@jridgewell/gen-mapping': [ '0.3.13' ],
21 silly audit   '@jridgewell/remapping': [ '2.3.5' ],
21 silly audit   '@jridgewell/resolve-uri': [ '3.1.2' ],
21 silly audit   '@jridgewell/source-map': [ '0.3.11' ],
21 silly audit   '@jridgewell/sourcemap-codec': [ '1.5.5' ],
21 silly audit   '@jridgewell/trace-mapping': [ '0.3.31' ],
21 silly audit   '@radix-ui/primitive': [ '1.1.4' ],
21 silly audit   '@radix-ui/react-collection': [ '1.1.10' ],
21 silly audit   '@radix-ui/react-compose-refs': [ '1.1.3', '1.1.2' ],
21 silly audit   '@radix-ui/react-context': [ '1.1.4' ],
21 silly audit   '@radix-ui/react-dialog': [ '1.1.17' ],
21 silly audit   '@radix-ui/react-direction': [ '1.1.2' ],
21 silly audit   '@radix-ui/react-dismissable-layer': [ '1.1.13' ],
21 silly audit   '@radix-ui/react-focus-guards': [ '1.1.4' ],
21 silly audit   '@radix-ui/react-focus-scope': [ '1.1.10' ],
21 silly audit   '@radix-ui/react-id': [ '1.1.2' ],
21 silly audit   '@radix-ui/react-portal': [ '1.1.12' ],
21 silly audit   '@radix-ui/react-presence': [ '1.1.6' ],
21 silly audit   '@radix-ui/react-primitive': [ '2.1.6' ],
21 silly audit   '@radix-ui/react-roving-focus': [ '1.1.13' ],
21 silly audit   '@radix-ui/react-slot': [ '1.3.0', '1.2.0' ],
21 silly audit   '@radix-ui/react-tabs': [ '1.1.15' ],
21 silly audit   '@radix-ui/react-use-callback-ref': [ '1.1.2' ],
21 silly audit   '@radix-ui/react-use-controllable-state': [ '1.2.3' ],
21 silly audit   '@radix-ui/react-use-effect-event': [ '0.0.3' ],
21 silly audit   '@radix-ui/react-use-escape-keydown': [ '1.1.2' ],
21 silly audit   '@radix-ui/react-use-layout-effect': [ '1.1.2' ],
21 silly audit   '@react-native/assets-registry': [ '0.81.5' ],
21 silly audit   '@react-native/community-cli-plugin': [ '0.81.5' ],
21 silly audit   '@react-native/debugger-frontend': [ '0.81.5' ],
21 silly audit   '@react-native/dev-middleware': [ '0.81.5' ],
21 silly audit   ws: [ '6.2.4', '8.21.0', '7.5.11' ],
21 silly audit   '@react-native/gradle-plugin': [ '0.81.5' ],
21 silly audit   '@react-native/normalize-colors': [ '0.81.5', '0.74.89' ],
21 silly audit   '@react-native/virtualized-lists': [ '0.81.5' ],
21 silly audit   '@react-navigation/bottom-tabs': [ '7.18.2' ],
21 silly audit   '@react-navigation/core': [ '7.21.1' ],
21 silly audit   '@react-navigation/elements': [ '2.9.25' ],
21 silly audit   '@react-navigation/native': [ '7.3.3' ],
21 silly audit   '@react-navigation/native-stack': [ '7.17.5' ],
21 silly audit   '@react-navigation/routers': [ '7.6.0' ],
21 silly audit   '@sinclair/typebox': [ '0.27.10' ],
21 silly audit   '@sinonjs/commons': [ '3.0.1' ],
21 silly audit   '@sinonjs/fake-timers': [ '10.3.0' ],
21 silly audit   '@supabase/auth-js': [ '2.108.2' ],
21 silly audit   '@supabase/functions-js': [ '2.108.2' ],
21 silly audit   '@supabase/phoenix': [ '0.4.4' ],
21 silly audit   '@supabase/postgrest-js': [ '2.108.2' ],
21 silly audit   '@supabase/realtime-js': [ '2.108.2' ],
21 silly audit   '@supabase/storage-js': [ '2.108.2' ],
21 silly audit   '@supabase/supabase-js': [ '2.108.2' ],
21 silly audit   '@types/babel__core': [ '7.20.5' ],
21 silly audit   '@types/babel__generator': [ '7.27.0' ],
21 silly audit   '@types/babel__template': [ '7.4.4' ],
21 silly audit   '@types/babel__traverse': [ '7.28.0' ],
21 silly audit   '@types/graceful-fs': [ '4.1.9' ],
21 silly audit   '@types/hammerjs': [ '2.0.46' ],
21 silly audit   '@types/istanbul-lib-coverage': [ '2.0.6' ],
21 silly audit   '@types/istanbul-lib-report': [ '3.0.3' ],
21 silly audit   '@types/istanbul-reports': [ '3.0.4' ],
21 silly audit   '@types/node': [ '26.0.0' ],
21 silly audit   '@types/react': [ '19.1.17' ],
21 silly audit   '@types/stack-utils': [ '2.0.3' ],
21 silly audit   '@types/yargs': [ '17.0.35' ],
21 silly audit   '@types/yargs-parser': [ '21.0.3' ],
21 silly audit   '@ungap/structured-clone': [ '1.3.1' ],
21 silly audit   '@urql/core': [ '5.2.0' ],
21 silly audit   '@urql/exchange-retry': [ '1.3.2' ],
21 silly audit   '@xmldom/xmldom': [ '0.8.13', '0.9.10' ],
21 silly audit   'abort-controller': [ '3.0.0' ],
21 silly audit   acorn: [ '8.17.0' ],
21 silly audit   'agent-base': [ '7.1.4' ],
21 silly audit   anser: [ '1.4.10' ],
21 silly audit   'ansi-escapes': [ '4.3.2' ],
21 silly audit   'type-fest': [ '0.21.3', '0.7.1' ],
21 silly audit   'ansi-regex': [ '5.0.1', '4.1.1' ],
21 silly audit   'any-promise': [ '1.3.0' ],
21 silly audit   anymatch: [ '3.1.3' ],
21 silly audit   picomatch: [ '2.3.2', '4.0.4' ],
21 silly audit   arg: [ '5.0.2' ],
21 silly audit   'aria-hidden': [ '1.2.6' ],
21 silly audit   asap: [ '2.0.6' ],
21 silly audit   'async-limiter': [ '1.0.1' ],
21 silly audit   'babel-jest': [ '29.7.0' ],
21 silly audit   'babel-plugin-istanbul': [ '6.1.1' ],
21 silly audit   'babel-plugin-jest-hoist': [ '29.6.3' ],
21 silly audit   'babel-plugin-polyfill-corejs2': [ '0.4.17' ],
21 silly audit   'babel-plugin-polyfill-corejs3': [ '0.13.0' ],
21 silly audit   'babel-plugin-polyfill-regenerator': [ '0.6.8' ],
21 silly audit   'babel-plugin-react-compiler': [ '1.0.0' ],
21 silly audit   'babel-plugin-react-native-web': [ '0.21.2' ],
21 silly audit   'babel-plugin-transform-flow-enums': [ '0.0.2' ],
21 silly audit   'babel-preset-current-node-syntax': [ '1.2.0' ],
21 silly audit   'babel-preset-jest': [ '29.6.3' ],
21 silly audit   'balanced-match': [ '4.0.4', '1.0.2' ],
21 silly audit   'base64-js': [ '1.5.1' ],
21 silly audit   'baseline-browser-mapping': [ '2.10.38' ],
21 silly audit   'better-opn': [ '3.0.2' ],
21 silly audit   open: [ '8.4.2', '7.4.2' ],
21 silly audit   'big-integer': [ '1.6.52' ],
21 silly audit   'bplist-creator': [ '0.1.0' ],
21 silly audit   'bplist-parser': [ '0.3.1' ],
21 silly audit   'brace-expansion': [ '5.0.6', '1.1.15', '2.1.1' ],
21 silly audit   braces: [ '3.0.3' ],
21 silly audit   browserslist: [ '4.28.2' ],
21 silly audit   bser: [ '2.1.1' ],
21 silly audit   buffer: [ '5.7.1' ],
21 silly audit   'buffer-from': [ '1.1.2' ],
21 silly audit   bytes: [ '3.1.2' ],
21 silly audit   'caniuse-lite': [ '1.0.30001799' ],
21 silly audit   chownr: [ '3.0.0' ],
21 silly audit   'chrome-launcher': [ '0.15.2' ],
21 silly audit   'chromium-edge-launcher': [ '0.2.0' ],
21 silly audit   'ci-info': [ '2.0.0', '3.9.0' ],
21 silly audit   'cli-cursor': [ '2.1.0' ],
21 silly audit   'cli-spinners': [ '2.9.2' ],
21 silly audit   'client-only': [ '0.0.1' ],
21 silly audit   cliui: [ '8.0.1' ],
21 silly audit   clone: [ '1.0.4' ],
21 silly audit   color: [ '4.2.3' ],
21 silly audit   'color-string': [ '1.9.1' ],
21 silly audit   commander: [ '7.2.0', '12.1.0', '4.1.1', '2.20.3' ],
21 silly audit   compressible: [ '2.0.18' ],
21 silly audit   compression: [ '1.8.1' ],
21 silly audit   ms: [ '2.0.0', '2.1.3' ],
21 silly audit   'concat-map': [ '0.0.1' ],
21 silly audit   connect: [ '3.7.0' ],
21 silly audit   'convert-source-map': [ '2.0.0' ],
21 silly audit   'core-js-compat': [ '3.49.0' ],
21 silly audit   'cross-fetch': [ '3.2.0' ],
21 silly audit   'cross-spawn': [ '7.0.6' ],
21 silly audit   'css-in-js-utils': [ '3.1.0' ],
21 silly audit   csstype: [ '3.2.3' ],
21 silly audit   'decode-uri-component': [ '0.2.2' ],
21 silly audit   'deep-extend': [ '0.6.0' ],
21 silly audit   deepmerge: [ '4.3.1' ],
21 silly audit   defaults: [ '1.0.4' ],
21 silly audit   'define-lazy-prop': [ '2.0.0' ],
21 silly audit   depd: [ '2.0.0' ],
21 silly audit   destroy: [ '1.2.0' ],
21 silly audit   'detect-libc': [ '2.1.2' ],
21 silly audit   'detect-node-es': [ '1.1.0' ],
21 silly audit   dotenv: [ '16.4.7' ],
21 silly audit   'dotenv-expand': [ '11.0.7' ],
21 silly audit   'ee-first': [ '1.1.1' ],
21 silly audit   'electron-to-chromium': [ '1.5.376' ],
21 silly audit   'emoji-regex': [ '8.0.0' ],
21 silly audit   encodeurl: [ '1.0.2', '2.0.0' ],
21 silly audit   'env-editor': [ '0.4.2' ],
21 silly audit   'error-stack-parser': [ '2.1.4' ],
21 silly audit   'es-errors': [ '1.3.0' ],
21 silly audit   escalade: [ '3.2.0' ],
21 silly audit   'escape-html': [ '1.0.3' ],
21 silly audit   esprima: [ '4.0.1' ],
21 silly audit   etag: [ '1.8.1' ],
21 silly audit   'event-target-shim': [ '5.0.1' ],
21 silly audit   expo: [ '54.0.35' ],
21 silly audit   'expo-constants': [ '18.0.13' ],
21 silly audit   'expo-device': [ '8.0.10' ],
21 silly audit   'expo-font': [ '14.0.12' ],
21 silly audit   'expo-glass-effect': [ '0.1.10' ],
21 silly audit   'expo-image': [ '3.0.11' ],
21 silly audit   'expo-linking': [ '8.0.12' ],
21 silly audit   'expo-modules-autolinking': [ '3.0.26' ],
21 silly audit   'expo-modules-core': [ '3.0.30' ],
21 silly audit   'expo-router': [ '6.0.24' ],
21 silly audit   'expo-secure-store': [ '15.0.8' ],
21 silly audit   'expo-server': [ '1.0.7' ],
21 silly audit   'expo-splash-screen': [ '31.0.13' ],
21 silly audit   'expo-status-bar': [ '3.0.9' ],
21 silly audit   'expo-symbols': [ '1.0.8' ],
21 silly audit   'expo-system-ui': [ '6.0.9' ],
21 silly audit   'expo-web-browser': [ '15.0.11' ],
21 silly audit   '@expo/cli': [ '54.0.25' ],
21 silly audit   '@expo/metro-config': [ '54.0.16' ],
21 silly audit   '@expo/vector-icons': [ '15.1.1' ],
21 silly audit   '@react-native/babel-plugin-codegen': [ '0.81.5' ],
21 silly audit   '@react-native/babel-preset': [ '0.81.5' ],
21 silly audit   '@react-native/codegen': [ '0.81.5' ],
21 silly audit   glob: [ '7.2.3', '13.0.6' ],
21 silly audit   minimatch: [ '3.1.5', '9.0.9', '10.2.5' ],
21 silly audit   'babel-plugin-syntax-hermes-parser': [ '0.29.1' ],
21 silly audit   'babel-preset-expo': [ '54.0.11' ],
21 silly audit   'expo-asset': [ '12.0.13' ],
21 silly audit   'expo-file-system': [ '19.0.23' ],
21 silly audit   'expo-keep-awake': [ '15.0.8' ],
21 silly audit   'exponential-backoff': [ '3.1.3' ],
21 silly audit   'fast-deep-equal': [ '3.1.3' ],
21 silly audit   'fast-json-stable-stringify': [ '2.1.0' ],
21 silly audit   'fb-watchman': [ '2.0.2' ],
21 silly audit   fbjs: [ '3.0.5' ],
21 silly audit   'fbjs-css-vars': [ '1.0.2' ],
21 silly audit   promise: [ '7.3.1', '8.3.0' ],
21 silly audit   'ua-parser-js': [ '1.0.41', '0.7.41' ],
21 silly audit   fdir: [ '6.5.0' ],
21 silly audit   'fill-range': [ '7.1.1' ],
21 silly audit   'filter-obj': [ '1.1.0' ],
21 silly audit   finalhandler: [ '1.1.2' ],
21 silly audit   'find-up': [ '4.1.0' ],
21 silly audit   'flow-enums-runtime': [ '0.0.6' ],
21 silly audit   fontfaceobserver: [ '2.3.0' ],
21 silly audit   'freeport-async': [ '2.0.0' ],
21 silly audit   fresh: [ '0.5.2' ],
21 silly audit   'fs.realpath': [ '1.0.0' ],
21 silly audit   fsevents: [ '2.3.3' ],
21 silly audit   'function-bind': [ '1.1.2' ],
21 silly audit   gensync: [ '1.0.0-beta.2' ],
21 silly audit   'get-caller-file': [ '2.0.5' ],
21 silly audit   'get-nonce': [ '1.0.1' ],
21 silly audit   'get-package-type': [ '0.1.0' ],
21 silly audit   getenv: [ '2.0.0' ],
21 silly audit   'graceful-fs': [ '4.2.11' ],
21 silly audit   hasown: [ '2.0.4' ],
21 silly audit   'hoist-non-react-statics': [ '3.3.2' ],
21 silly audit   'react-is': [ '16.13.1', '18.3.1', '19.2.7' ],
21 silly audit   'hosted-git-info': [ '7.0.2' ],
21 silly audit   'lru-cache': [ '10.4.3', '5.1.1', '11.5.1' ],
21 silly audit   'http-errors': [ '2.0.1' ],
21 silly audit   statuses: [ '2.0.2', '1.5.0' ],
21 silly audit   'https-proxy-agent': [ '7.0.6' ],
21 silly audit   'hyphenate-style-name': [ '1.1.0' ],
21 silly audit   'iceberg-js': [ '0.8.1' ],
21 silly audit   ieee754: [ '1.2.1' ],
21 silly audit   ignore: [ '5.3.2' ],
21 silly audit   'image-size': [ '1.2.1' ],
21 silly audit   imurmurhash: [ '0.1.4' ],
21 silly audit   inflight: [ '1.0.6' ],
21 silly audit   inherits: [ '2.0.4' ],
21 silly audit   ini: [ '1.3.8' ],
21 silly audit   'inline-style-prefixer': [ '7.0.1' ],
21 silly audit   invariant: [ '2.2.4' ],
21 silly audit   'is-arrayish': [ '0.3.4' ],
21 silly audit   'is-core-module': [ '2.16.2' ],
21 silly audit   'is-docker': [ '2.2.1' ],
21 silly audit   'is-fullwidth-code-point': [ '3.0.0' ],
21 silly audit   'is-number': [ '7.0.0' ],
21 silly audit   'is-wsl': [ '2.2.0' ],
21 silly audit   isexe: [ '2.0.0' ],
21 silly audit   'istanbul-lib-coverage': [ '3.2.2' ],
21 silly audit   'istanbul-lib-instrument': [ '5.2.1' ],
21 silly audit   'jest-environment-node': [ '29.7.0' ],
21 silly audit   'jest-get-type': [ '29.6.3' ],
21 silly audit   'jest-haste-map': [ '29.7.0' ],
21 silly audit   'jest-message-util': [ '29.7.0' ],
21 silly audit   'jest-mock': [ '29.7.0' ],
21 silly audit   'jest-regex-util': [ '29.6.3' ],
21 silly audit   'jest-util': [ '29.7.0' ],
21 silly audit   'jest-validate': [ '29.7.0' ],
21 silly audit   'jest-worker': [ '29.7.0' ],
21 silly audit   'jimp-compact': [ '0.16.1' ],
21 silly audit   'js-tokens': [ '4.0.0' ],
21 silly audit   'jsc-safe-url': [ '0.2.4' ],
21 silly audit   jsesc: [ '3.1.0' ],
21 silly audit   json5: [ '2.2.3' ],
21 silly audit   kleur: [ '3.0.3' ],
21 silly audit   'lan-network': [ '0.2.1' ],
21 silly audit   leven: [ '3.1.0' ],
21 silly audit   'lighthouse-logger': [ '1.4.2' ],
21 silly audit   lightningcss: [ '1.32.0' ],
21 silly audit   'lightningcss-android-arm64': [ '1.32.0' ],
21 silly audit   'lightningcss-darwin-arm64': [ '1.32.0' ],
21 silly audit   'lightningcss-darwin-x64': [ '1.32.0' ],
21 silly audit   'lightningcss-freebsd-x64': [ '1.32.0' ],
21 silly audit   'lightningcss-linux-arm-gnueabihf': [ '1.32.0' ],
21 silly audit   'lightningcss-linux-arm64-gnu': [ '1.32.0' ],
21 silly audit   'lightningcss-linux-arm64-musl': [ '1.32.0' ],
21 silly audit   'lightningcss-linux-x64-gnu': [ '1.32.0' ],
21 silly audit   'lightningcss-linux-x64-musl': [ '1.32.0' ],
21 silly audit   'lightningcss-win32-arm64-msvc': [ '1.32.0' ],
21 silly audit   'lightningcss-win32-x64-msvc': [ '1.32.0' ],
21 silly audit   'lines-and-columns': [ '1.2.4' ],
21 silly audit   'locate-path': [ '5.0.0' ],
21 silly audit   'lodash.debounce': [ '4.0.8' ],
21 silly audit   'lodash.throttle': [ '4.1.1' ],
21 silly audit   'log-symbols': [ '2.2.0' ],
21 silly audit   'loose-envify': [ '1.4.0' ],
21 silly audit   'lucide-react-native': [ '1.21.0' ],
21 silly audit   makeerror: [ '1.0.12' ],
21 silly audit   marky: [ '1.3.0' ],
21 silly audit   'memoize-one': [ '5.2.1', '6.0.0' ],
21 silly audit   'merge-stream': [ '2.0.0' ],
21 silly audit   micromatch: [ '4.0.8' ],
21 silly audit   mime: [ '1.6.0' ],
21 silly audit   'mimic-fn': [ '1.2.0' ],
21 silly audit   minimist: [ '1.2.8' ],
21 silly audit   minipass: [ '7.1.3' ],
21 silly audit   minizlib: [ '3.1.0' ],
21 silly audit   mkdirp: [ '1.0.4' ],
21 silly audit   mz: [ '2.7.0' ],
21 silly audit   nanoid: [ '3.3.13' ],
21 silly audit   'nested-error-stacks': [ '2.0.1' ],
21 silly audit   'node-fetch': [ '2.7.0' ],
21 silly audit   'node-forge': [ '1.4.0' ],
21 silly audit   'node-int64': [ '0.4.0' ],
21 silly audit   'node-releases': [ '2.0.48' ],
21 silly audit   'normalize-path': [ '3.0.0' ],
21 silly audit   'npm-package-arg': [ '11.0.3' ],
21 silly audit   nullthrows: [ '1.1.1' ],
21 silly audit   'object-assign': [ '4.1.1' ],
21 silly audit   'on-finished': [ '2.3.0', '2.4.1' ],
21 silly audit   'on-headers': [ '1.1.0' ],
21 silly audit   once: [ '1.4.0' ],
21 silly audit   onetime: [ '2.0.1' ],
21 silly audit   ora: [ '3.4.0' ],
21 silly audit   'strip-ansi': [ '5.2.0', '6.0.1' ],
21 silly audit   'p-limit': [ '3.1.0', '2.3.0' ],
21 silly audit   'p-locate': [ '4.1.0' ],
21 silly audit   'p-try': [ '2.2.0' ],
21 silly audit   'parse-png': [ '2.1.0' ],
21 silly audit   parseurl: [ '1.3.3' ],
21 silly audit   'path-exists': [ '4.0.0' ],
21 silly audit   'path-is-absolute': [ '1.0.1' ],
21 silly audit   'path-key': [ '3.1.1' ],
21 silly audit   'path-parse': [ '1.0.7' ],
21 silly audit   'path-scurry': [ '2.0.2' ],
21 silly audit   picocolors: [ '1.1.1' ],
21 silly audit   pirates: [ '4.0.7' ],
21 silly audit   plist: [ '3.1.1' ],
21 silly audit   pngjs: [ '3.4.0' ],
21 silly audit   postcss: [ '8.4.49' ],
21 silly audit   'postcss-value-parser': [ '4.2.0' ],
21 silly audit   'pretty-bytes': [ '5.6.0' ],
21 silly audit   'pretty-format': [ '29.7.0' ],
21 silly audit   'proc-log': [ '4.2.0' ],
21 silly audit   progress: [ '2.0.3' ],
21 silly audit   prompts: [ '2.4.2' ],
21 silly audit   punycode: [ '2.3.1' ],
21 silly audit   'qrcode-terminal': [ '0.11.0' ],
21 silly audit   'query-string': [ '7.1.3' ],
21 silly audit   queue: [ '6.0.2' ],
21 silly audit   'range-parser': [ '1.2.1' ],
21 silly audit   rc: [ '1.2.8' ],
21 silly audit   react: [ '19.1.0' ],
21 silly audit   'react-devtools-core': [ '6.1.5' ],
21 silly audit   'react-dom': [ '19.1.0' ],
21 silly audit   'react-fast-compare': [ '3.2.2' ],
21 silly audit   'react-freeze': [ '1.0.4' ],
21 silly audit   'react-native': [ '0.81.5' ],
21 silly audit   'react-native-gesture-handler': [ '2.28.0' ],
21 silly audit   'react-native-is-edge-to-edge': [ '1.3.1' ],
21 silly audit   'react-native-reanimated': [ '4.1.7' ],
21 silly audit   'react-native-safe-area-context': [ '5.6.2' ],
21 silly audit   'react-native-screens': [ '4.16.0' ],
21 silly audit   'react-native-url-polyfill': [ '3.0.0' ],
21 silly audit   'react-native-web': [ '0.21.2' ],
21 silly audit   'react-native-worklets': [ '0.5.1' ],
21 silly audit   '@react-native/js-polyfills': [ '0.81.5' ],
21 silly audit   'react-refresh': [ '0.14.2' ],
21 silly audit   'react-remove-scroll': [ '2.7.2' ],
21 silly audit   'react-remove-scroll-bar': [ '2.3.8' ],
21 silly audit   'react-style-singleton': [ '2.2.3' ],
21 silly audit   regenerate: [ '1.4.2' ],
21 silly audit   'regenerate-unicode-properties': [ '10.2.2' ],
21 silly audit   'regenerator-runtime': [ '0.13.11' ],
21 silly audit   'regexpu-core': [ '6.4.0' ],
21 silly audit   regjsgen: [ '0.8.0' ],
21 silly audit   regjsparser: [ '0.13.2' ],
21 silly audit   'require-directory': [ '2.1.1' ],
21 silly audit   'require-from-string': [ '2.0.2' ],
21 silly audit   requireg: [ '0.2.2' ],
21 silly audit   resolve: [ '1.7.1', '1.22.12' ],
21 silly audit   'resolve-from': [ '5.0.0' ],
21 silly audit   'resolve-workspace-root': [ '2.0.1' ],
21 silly audit   'resolve.exports': [ '2.0.3' ],
21 silly audit   'restore-cursor': [ '2.0.0' ],
21 silly audit   rimraf: [ '3.0.2' ],
21 silly audit   'safe-buffer': [ '5.2.1' ],
21 silly audit   sax: [ '1.6.0' ],
21 silly audit   scheduler: [ '0.26.0' ],
21 silly audit   send: [ '0.19.2' ],
21 silly audit   'serialize-error': [ '2.1.0' ],
21 silly audit   'serve-static': [ '1.16.3' ],
21 silly audit   'server-only': [ '0.0.1' ],
21 silly audit   setimmediate: [ '1.0.5' ],
21 silly audit   setprototypeof: [ '1.2.0' ],
21 silly audit   'sf-symbols-typescript': [ '2.2.0' ],
21 silly audit   shallowequal: [ '1.1.0' ],
21 silly audit   'shebang-command': [ '2.0.0' ],
21 silly audit   'shebang-regex': [ '3.0.0' ],
21 silly audit   'shell-quote': [ '1.8.4' ],
21 silly audit   'signal-exit': [ '3.0.7' ],
21 silly audit   'simple-plist': [ '1.3.1' ],
21 silly audit   'simple-swizzle': [ '0.2.4' ],
21 silly audit   sisteransi: [ '1.0.5' ],
21 silly audit   slash: [ '3.0.0' ],
21 silly audit   slugify: [ '1.6.9' ],
21 silly audit   'source-map': [ '0.5.7', '0.6.1' ],
21 silly audit   'source-map-js': [ '1.2.1' ],
21 silly audit   'source-map-support': [ '0.5.21' ],
21 silly audit   'split-on-first': [ '1.1.0' ],
21 silly audit   'sprintf-js': [ '1.0.3' ],
21 silly audit   'stack-utils': [ '2.0.6' ],
21 silly audit   stackframe: [ '1.3.4' ],
21 silly audit   'stacktrace-parser': [ '0.1.11' ],
21 silly audit   'standard-navigation': [ '0.0.7' ],
21 silly audit   'stream-buffers': [ '2.2.0' ],
21 silly audit   'strict-uri-encode': [ '2.0.0' ],
21 silly audit   'string-width': [ '4.2.3' ],
21 silly audit   'strip-json-comments': [ '2.0.1' ],
21 silly audit   'structured-headers': [ '0.4.1' ],
21 silly audit   styleq: [ '0.1.3' ],
21 silly audit   sucrase: [ '3.35.1' ],
21 silly audit   'supports-hyperlinks': [ '2.3.0' ],
21 silly audit   'supports-preserve-symlinks-flag': [ '1.0.0' ],
21 silly audit   tar: [ '7.5.16' ],
21 silly audit   yallist: [ '5.0.0', '3.1.1' ],
21 silly audit   'terminal-link': [ '2.1.1' ],
21 silly audit   terser: [ '5.48.0' ],
21 silly audit   'test-exclude': [ '6.0.0' ],
21 silly audit   thenify: [ '3.3.1' ],
21 silly audit   'thenify-all': [ '1.6.0' ],
21 silly audit   throat: [ '5.0.0' ],
21 silly audit   tinyglobby: [ '0.2.17' ],
21 silly audit   tmpl: [ '1.0.5' ],
21 silly audit   'to-regex-range': [ '5.0.1' ],
21 silly audit   toidentifier: [ '1.0.1' ],
21 silly audit   tr46: [ '0.0.3' ],
21 silly audit   'ts-interface-checker': [ '0.1.13' ],
21 silly audit   tslib: [ '2.8.1' ],
21 silly audit   'type-detect': [ '4.0.8' ],
21 silly audit   typescript: [ '5.9.3' ],
21 silly audit   undici: [ '6.27.0' ],
21 silly audit   'undici-types': [ '8.3.0' ],
21 silly audit   'unicode-canonical-property-names-ecmascript': [ '2.0.1' ],
21 silly audit   'unicode-match-property-ecmascript': [ '2.0.0' ],
21 silly audit   'unicode-match-property-value-ecmascript': [ '2.2.1' ],
21 silly audit   'unicode-property-aliases-ecmascript': [ '2.2.0' ],
21 silly audit   unpipe: [ '1.0.0' ],
21 silly audit   'update-browserslist-db': [ '1.2.3' ],
21 silly audit   'use-callback-ref': [ '1.3.3' ],
21 silly audit   'use-latest-callback': [ '0.2.6' ],
21 silly audit   'use-sidecar': [ '1.1.3' ],
21 silly audit   'use-sync-external-store': [ '1.6.0' ],
21 silly audit   'utils-merge': [ '1.0.1' ],
21 silly audit   uuid: [ '7.0.3' ],
21 silly audit   'validate-npm-package-name': [ '5.0.1' ],
21 silly audit   vary: [ '1.1.2' ],
21 silly audit   vaul: [ '1.1.2' ],
21 silly audit   vlq: [ '1.0.1' ],
21 silly audit   walker: [ '1.0.8' ],
21 silly audit   'warn-once': [ '0.1.1' ],
21 silly audit   wcwidth: [ '1.0.1' ],
21 silly audit   'webidl-conversions': [ '3.0.1', '5.0.0' ],
21 silly audit   'whatwg-fetch': [ '3.6.20' ],
21 silly audit   'whatwg-url': [ '5.0.0' ],
21 silly audit   'whatwg-url-without-unicode': [ '8.0.0-3' ],
21 silly audit   which: [ '2.0.2' ],
21 silly audit   wonka: [ '6.3.6' ],
21 silly audit   'wrap-ansi': [ '7.0.0' ],
21 silly audit   wrappy: [ '1.0.2' ],
21 silly audit   'write-file-atomic': [ '4.0.2' ],
21 silly audit   xcode: [ '3.0.1' ],
21 silly audit   xml2js: [ '0.6.0' ],
21 silly audit   xmlbuilder: [ '11.0.1', '15.1.1' ],
21 silly audit   y18n: [ '5.0.8' ],
21 silly audit   yaml: [ '2.9.0' ],
21 silly audit   yargs: [ '17.7.3' ],
21 silly audit   'yargs-parser': [ '21.1.1' ],
21 silly audit   'yocto-queue': [ '0.1.0' ]
21 silly audit }
22 verbose reify failed optional dependency /Users/soniaarora/code/rollstone/node_modules/lightningcss-win32-x64-msvc
23 silly reify mark deleted [
23 silly reify   '/Users/soniaarora/code/rollstone/node_modules/lightningcss-win32-x64-msvc'
23 silly reify ]
24 verbose reify failed optional dependency /Users/soniaarora/code/rollstone/node_modules/lightningcss-win32-arm64-msvc
25 silly reify mark deleted [
25 silly reify   '/Users/soniaarora/code/rollstone/node_modules/lightningcss-win32-arm64-msvc'
25 silly reify ]
26 verbose reify failed optional dependency /Users/soniaarora/code/rollstone/node_modules/lightningcss-linux-x64-musl
27 silly reify mark deleted [
27 silly reify   '/Users/soniaarora/code/rollstone/node_modules/lightningcss-linux-x64-musl'
27 silly reify ]
28 verbose reify failed optional dependency /Users/soniaarora/code/rollstone/node_modules/lightningcss-linux-x64-gnu
29 silly reify mark deleted [
29 silly reify   '/Users/soniaarora/code/rollstone/node_modules/lightningcss-linux-x64-gnu'
29 silly reify ]
30 verbose reify failed optional dependency /Users/soniaarora/code/rollstone/node_modules/lightningcss-linux-arm64-musl
31 silly reify mark deleted [
31 silly reify   '/Users/soniaarora/code/rollstone/node_modules/lightningcss-linux-arm64-musl'
31 silly reify ]
32 verbose reify failed optional dependency /Users/soniaarora/code/rollstone/node_modules/lightningcss-linux-arm64-gnu
33 silly reify mark deleted [
33 silly reify   '/Users/soniaarora/code/rollstone/node_modules/lightningcss-linux-arm64-gnu'
33 silly reify ]
34 verbose reify failed optional dependency /Users/soniaarora/code/rollstone/node_modules/lightningcss-linux-arm-gnueabihf
35 silly reify mark deleted [
35 silly reify   '/Users/soniaarora/code/rollstone/node_modules/lightningcss-linux-arm-gnueabihf'
35 silly reify ]
36 verbose reify failed optional dependency /Users/soniaarora/code/rollstone/node_modules/lightningcss-freebsd-x64
37 silly reify mark deleted [
37 silly reify   '/Users/soniaarora/code/rollstone/node_modules/lightningcss-freebsd-x64'
37 silly reify ]
38 verbose reify failed optional dependency /Users/soniaarora/code/rollstone/node_modules/lightningcss-darwin-x64
39 silly reify mark deleted [
39 silly reify   '/Users/soniaarora/code/rollstone/node_modules/lightningcss-darwin-x64'
39 silly reify ]
40 verbose reify failed optional dependency /Users/soniaarora/code/rollstone/node_modules/lightningcss-android-arm64
41 silly reify mark deleted [
41 silly reify   '/Users/soniaarora/code/rollstone/node_modules/lightningcss-android-arm64'
41 silly reify ]
42 http cache @expo/vector-icons@https://registry.npmjs.org/@expo/vector-icons/-/vector-icons-15.1.1.tgz 0ms (cache hit)
43 http fetch POST 200 https://registry.npmjs.org/-/npm/v1/security/advisories/bulk 420ms
44 silly audit report {
44 silly audit report   'js-yaml': [
44 silly audit report     {
44 silly audit report       id: 1120792,
44 silly audit report       url: 'https://github.com/advisories/GHSA-h67p-54hq-rp68',
44 silly audit report       title: 'JS-YAML: Quadratic-complexity DoS in merge key handling via repeated aliases',
44 silly audit report       severity: 'moderate',
44 silly audit report       vulnerable_versions: '<=4.1.1',
44 silly audit report       cwe: [Array],
44 silly audit report       cvss: [Object]
44 silly audit report     }
44 silly audit report   ],
44 silly audit report   postcss: [
44 silly audit report     {
44 silly audit report       id: 1117015,
44 silly audit report       url: 'https://github.com/advisories/GHSA-qx2v-qp2m-jg93',
44 silly audit report       title: 'PostCSS has XSS via Unescaped </style> in its CSS Stringify Output',
44 silly audit report       severity: 'moderate',
44 silly audit report       vulnerable_versions: '<8.5.10',
44 silly audit report       cwe: [Array],
44 silly audit report       cvss: [Object]
44 silly audit report     }
44 silly audit report   ],
44 silly audit report   uuid: [
44 silly audit report     {
44 silly audit report       id: 1119441,
44 silly audit report       url: 'https://github.com/advisories/GHSA-w5hq-g745-h8pq',
44 silly audit report       title: 'uuid: Missing buffer bounds check in v3/v5/v6 when buf is provided',
44 silly audit report       severity: 'moderate',
44 silly audit report       vulnerable_versions: '<11.1.1',
44 silly audit report       cwe: [Array],
44 silly audit report       cvss: [Object]
44 silly audit report     }
44 silly audit report   ]
44 silly audit report }
45 silly packumentCache corgi:https://registry.npmjs.org/js-yaml cache-miss
46 silly packumentCache corgi:https://registry.npmjs.org/postcss cache-miss
47 silly packumentCache corgi:https://registry.npmjs.org/uuid cache-miss
48 http cache https://registry.npmjs.org/postcss 5ms (cache hit)
49 silly packumentCache corgi:https://registry.npmjs.org/postcss set size:344717 disposed:false
50 http cache https://registry.npmjs.org/uuid 7ms (cache hit)
51 silly packumentCache corgi:https://registry.npmjs.org/uuid set size:81812 disposed:false
52 http cache https://registry.npmjs.org/js-yaml 9ms (cache hit)
53 silly packumentCache corgi:https://registry.npmjs.org/js-yaml set size:59520 disposed:false
54 silly packumentCache corgi:https://registry.npmjs.org/@istanbuljs%2fload-nyc-config cache-miss
55 http cache https://registry.npmjs.org/@istanbuljs%2fload-nyc-config 2ms (cache hit)
56 silly packumentCache corgi:https://registry.npmjs.org/@istanbuljs%2fload-nyc-config set size:8602 disposed:false
57 silly packumentCache corgi:https://registry.npmjs.org/@expo%2fmetro-config cache-miss
58 http cache https://registry.npmjs.org/@expo%2fmetro-config 2ms (cache hit)
59 silly packumentCache corgi:https://registry.npmjs.org/@expo%2fmetro-config set size:582725 disposed:false
60 silly packumentCache corgi:https://registry.npmjs.org/xcode cache-miss
61 http cache https://registry.npmjs.org/xcode 2ms (cache hit)
62 silly packumentCache corgi:https://registry.npmjs.org/xcode set size:1850340 disposed:false
63 silly packumentCache corgi:https://registry.npmjs.org/babel-plugin-istanbul cache-miss
64 http cache https://registry.npmjs.org/babel-plugin-istanbul 3ms (cache hit)
65 silly packumentCache corgi:https://registry.npmjs.org/babel-plugin-istanbul set size:51556 disposed:false
66 silly packumentCache corgi:https://registry.npmjs.org/expo cache-miss
67 silly packumentCache corgi:https://registry.npmjs.org/@expo%2fcli cache-miss
68 http cache https://registry.npmjs.org/expo 4ms (cache hit)
69 silly packumentCache corgi:https://registry.npmjs.org/expo set size:1770082 disposed:false
70 http cache https://registry.npmjs.org/@expo%2fcli 11ms (cache hit)
71 silly packumentCache corgi:https://registry.npmjs.org/@expo%2fcli set size:1643682 disposed:false
72 silly packumentCache corgi:https://registry.npmjs.org/@expo%2fconfig-plugins cache-miss
73 http cache https://registry.npmjs.org/@expo%2fconfig-plugins 1ms (cache hit)
74 silly packumentCache corgi:https://registry.npmjs.org/@expo%2fconfig-plugins set size:414083 disposed:false
75 silly packumentCache corgi:https://registry.npmjs.org/@jest%2ftransform cache-miss
76 silly packumentCache corgi:https://registry.npmjs.org/babel-jest cache-miss
77 http cache https://registry.npmjs.org/@jest%2ftransform 3ms (cache hit)
78 silly packumentCache corgi:https://registry.npmjs.org/@jest%2ftransform set size:292241 disposed:false
79 http cache https://registry.npmjs.org/babel-jest 4ms (cache hit)
80 silly packumentCache corgi:https://registry.npmjs.org/babel-jest set size:369532 disposed:false
81 silly packumentCache corgi:https://registry.npmjs.org/@expo%2fconfig cache-miss
82 silly packumentCache corgi:https://registry.npmjs.org/@expo%2fprebuild-config cache-miss
83 http cache https://registry.npmjs.org/@expo%2fprebuild-config 6ms (cache hit)
84 silly packumentCache corgi:https://registry.npmjs.org/@expo%2fprebuild-config set size:383830 disposed:false
85 http cache https://registry.npmjs.org/@expo%2fconfig 8ms (cache hit)
86 silly packumentCache corgi:https://registry.npmjs.org/@expo%2fconfig set size:542603 disposed:false
87 silly packumentCache corgi:https://registry.npmjs.org/react-native cache-miss
88 http cache https://registry.npmjs.org/react-native 7ms (cache hit)
89 silly packumentCache corgi:https://registry.npmjs.org/react-native set size:7043808 disposed:false
90 silly packumentCache corgi:https://registry.npmjs.org/expo-splash-screen cache-miss
91 http cache https://registry.npmjs.org/expo-splash-screen 4ms (cache hit)
92 silly packumentCache corgi:https://registry.npmjs.org/expo-splash-screen set size:278224 disposed:false
93 silly packumentCache corgi:https://registry.npmjs.org/expo-constants cache-miss
94 http cache https://registry.npmjs.org/expo-constants 11ms (cache hit)
95 silly packumentCache corgi:https://registry.npmjs.org/expo-constants set size:291346 disposed:false
96 silly packumentCache corgi:https://registry.npmjs.org/expo-linking cache-miss
97 silly packumentCache corgi:https://registry.npmjs.org/expo-asset cache-miss
98 http cache https://registry.npmjs.org/expo-asset 6ms (cache hit)
99 silly packumentCache corgi:https://registry.npmjs.org/expo-asset set size:305922 disposed:false
100 http cache https://registry.npmjs.org/expo-linking 7ms (cache hit)
101 silly packumentCache corgi:https://registry.npmjs.org/expo-linking set size:213434 disposed:false
102 silly ADD node_modules/@expo/vector-icons
103 silly ADD
104 silly ADD
105 silly ADD
106 silly ADD
107 silly ADD
108 silly ADD
109 silly ADD
110 silly ADD
111 silly ADD
112 silly ADD
113 silly REMOVE node_modules/expo/node_modules/@expo/vector-icons
114 verbose cwd /Users/soniaarora/code/rollstone
115 verbose os Darwin 23.6.0
116 verbose node v22.20.0
117 verbose npm  v10.9.3
118 verbose exit 0
119 info ok
