0 verbose cli /usr/local/bin/node /usr/local/bin/npm
1 info using npm@10.9.3
2 info using node@v22.20.0
3 silly config load:file:/usr/local/lib/node_modules/npm/npmrc
4 silly config load:file:/Users/soniaarora/code/rollstone/.npmrc
5 silly config load:file:/Users/soniaarora/.npmrc
6 silly config load:file:/usr/local/etc/npmrc
7 verbose title npm install lucide-react-native
8 verbose argv "install" "--save" "--cache" "./.npm-cache" "lucide-react-native"
9 verbose logfile logs-max:10 dir:/Users/soniaarora/code/rollstone/.npm-cache/_logs/2026-06-20T07_03_49_974Z-
10 verbose logfile /Users/soniaarora/code/rollstone/.npm-cache/_logs/2026-06-20T07_03_49_974Z-debug-0.log
11 silly logfile done cleaning log files
12 silly packumentCache heap:4345298944 maxSize:1086324736 maxEntrySize:543162368
13 silly idealTree buildDeps
14 silly fetch manifest lucide-react-native@*
15 silly packumentCache full:https://registry.npmjs.org/lucide-react-native cache-miss
16 http fetch GET 200 https://registry.npmjs.org/lucide-react-native 777ms (cache miss)
17 silly packumentCache full:https://registry.npmjs.org/lucide-react-native set size:undefined disposed:false
18 silly fetch manifest react@19.2.3
19 silly packumentCache full:https://registry.npmjs.org/react cache-miss
20 http cache https://registry.npmjs.org/react 14ms (cache hit)
21 silly packumentCache full:https://registry.npmjs.org/react set size:6724608 disposed:false
22 silly fetch manifest react-native@0.85.3
23 silly packumentCache full:https://registry.npmjs.org/react-native cache-miss
24 http cache https://registry.npmjs.org/react-native 22ms (cache hit)
25 silly packumentCache full:https://registry.npmjs.org/react-native set size:15362220 disposed:false
26 silly fetch manifest @react-native/jest-preset@0.85.3
27 silly packumentCache full:https://registry.npmjs.org/@react-native%2fjest-preset cache-miss
28 http cache https://registry.npmjs.org/@react-native%2fjest-preset 5ms (cache hit)
29 silly packumentCache full:https://registry.npmjs.org/@react-native%2fjest-preset set size:208068 disposed:false
30 silly fetch manifest @types/react@~19.2.2
31 silly packumentCache full:https://registry.npmjs.org/@types%2freact cache-miss
32 http cache https://registry.npmjs.org/@types%2freact 5ms (cache hit)
33 silly packumentCache full:https://registry.npmjs.org/@types%2freact set size:2632776 disposed:false
34 silly fetch manifest react-native-svg@^12.0.0 || ^13.0.0 || ^14.0.0 || ^15.0.0
35 silly packumentCache full:https://registry.npmjs.org/react-native-svg cache-miss
36 http fetch GET 200 https://registry.npmjs.org/react-native-svg 289ms (cache miss)
37 silly packumentCache full:https://registry.npmjs.org/react-native-svg set size:undefined disposed:false
38 silly placeDep ROOT lucide-react-native@1.21.0 OK for: rollstone@1.0.0 want: *
39 silly placeDep ROOT react-native-svg@15.15.5 OK for: lucide-react-native@1.21.0 want: ^12.0.0 || ^13.0.0 || ^14.0.0 || ^15.0.0
40 silly fetch manifest css-tree@^1.1.3
41 silly packumentCache full:https://registry.npmjs.org/css-tree cache-miss
42 silly fetch manifest css-select@^5.1.0
43 silly packumentCache full:https://registry.npmjs.org/css-select cache-miss
44 http fetch GET 200 https://registry.npmjs.org/css-tree 29ms (cache miss)
45 silly packumentCache full:https://registry.npmjs.org/css-tree set size:undefined disposed:false
46 http fetch GET 200 https://registry.npmjs.org/css-select 74ms (cache miss)
47 silly packumentCache full:https://registry.npmjs.org/css-select set size:undefined disposed:false
48 silly placeDep ROOT css-select@5.2.2 OK for: react-native-svg@15.15.5 want: ^5.1.0
49 silly placeDep ROOT css-tree@1.1.3 OK for: react-native-svg@15.15.5 want: ^1.1.3
50 silly fetch manifest boolbase@^1.0.0
51 silly packumentCache full:https://registry.npmjs.org/boolbase cache-miss
52 silly fetch manifest css-what@^6.1.0
53 silly packumentCache full:https://registry.npmjs.org/css-what cache-miss
54 silly fetch manifest domutils@^3.0.1
55 silly packumentCache full:https://registry.npmjs.org/domutils cache-miss
56 silly fetch manifest nth-check@^2.0.1
57 silly packumentCache full:https://registry.npmjs.org/nth-check cache-miss
58 silly fetch manifest domhandler@^5.0.2
59 silly packumentCache full:https://registry.npmjs.org/domhandler cache-miss
60 silly fetch manifest mdn-data@2.0.14
61 silly packumentCache full:https://registry.npmjs.org/mdn-data cache-miss
62 silly fetch manifest source-map@^0.6.1
63 silly packumentCache full:https://registry.npmjs.org/source-map cache-miss
64 http cache https://registry.npmjs.org/source-map 11ms (cache hit)
65 silly packumentCache full:https://registry.npmjs.org/source-map set size:226212 disposed:false
66 http fetch GET 200 https://registry.npmjs.org/boolbase 27ms (cache miss)
67 silly packumentCache full:https://registry.npmjs.org/boolbase set size:undefined disposed:false
68 http fetch GET 200 https://registry.npmjs.org/css-what 33ms (cache miss)
69 silly packumentCache full:https://registry.npmjs.org/css-what set size:undefined disposed:false
70 http fetch GET 200 https://registry.npmjs.org/nth-check 57ms (cache miss)
71 silly packumentCache full:https://registry.npmjs.org/nth-check set size:undefined disposed:false
72 http fetch GET 200 https://registry.npmjs.org/domhandler 62ms (cache miss)
73 silly packumentCache full:https://registry.npmjs.org/domhandler set size:undefined disposed:false
74 http fetch GET 200 https://registry.npmjs.org/domutils 74ms (cache miss)
75 silly packumentCache full:https://registry.npmjs.org/domutils set size:undefined disposed:false
76 http fetch GET 200 https://registry.npmjs.org/mdn-data 615ms (cache miss)
77 silly packumentCache full:https://registry.npmjs.org/mdn-data set size:undefined disposed:false
78 silly placeDep ROOT boolbase@1.0.0 OK for: css-select@5.2.2 want: ^1.0.0
79 silly placeDep ROOT css-what@6.2.2 OK for: css-select@5.2.2 want: ^6.1.0
80 silly placeDep ROOT domhandler@5.0.3 OK for: css-select@5.2.2 want: ^5.0.2
81 silly placeDep ROOT domutils@3.2.2 OK for: css-select@5.2.2 want: ^3.0.1
82 silly placeDep ROOT nth-check@2.1.1 OK for: css-select@5.2.2 want: ^2.0.1
83 silly fetch manifest domelementtype@^2.3.0
84 silly packumentCache full:https://registry.npmjs.org/domelementtype cache-miss
85 silly fetch manifest dom-serializer@^2.0.0
86 silly packumentCache full:https://registry.npmjs.org/dom-serializer cache-miss
87 silly fetch manifest domelementtype@^2.3.0
88 silly packumentCache full:https://registry.npmjs.org/domelementtype cache-miss
89 http fetch GET 200 https://registry.npmjs.org/domelementtype 29ms (cache miss)
90 silly packumentCache full:https://registry.npmjs.org/domelementtype set size:undefined disposed:false
91 http fetch GET 200 https://registry.npmjs.org/domelementtype 31ms (cache miss)
92 silly packumentCache full:https://registry.npmjs.org/domelementtype set size:undefined disposed:false
93 http fetch GET 200 https://registry.npmjs.org/dom-serializer 33ms (cache miss)
94 silly packumentCache full:https://registry.npmjs.org/dom-serializer set size:undefined disposed:false
95 silly placeDep ROOT mdn-data@2.0.14 OK for: css-tree@1.1.3 want: 2.0.14
96 silly placeDep node_modules/css-tree source-map@0.6.1 OK for: css-tree@1.1.3 want: ^0.6.1
97 silly placeDep ROOT domelementtype@2.3.0 OK for: domhandler@5.0.3 want: ^2.3.0
98 silly placeDep ROOT dom-serializer@2.0.0 OK for: domutils@3.2.2 want: ^2.0.0
99 silly fetch manifest entities@^4.2.0
100 silly packumentCache full:https://registry.npmjs.org/entities cache-miss
101 http fetch GET 200 https://registry.npmjs.org/entities 479ms (cache miss)
102 silly packumentCache full:https://registry.npmjs.org/entities set size:undefined disposed:false
103 silly placeDep ROOT entities@4.5.0 OK for: dom-serializer@2.0.0 want: ^4.2.0
104 silly reify moves {}
105 silly audit bulk request {
105 silly audit   '@adobe/css-tools': [ '4.5.0' ],
105 silly audit   '@babel/code-frame': [ '7.29.7' ],
105 silly audit   '@babel/compat-data': [ '7.29.7' ],
105 silly audit   '@babel/core': [ '7.29.7' ],
105 silly audit   semver: [ '6.3.1', '7.8.5' ],
105 silly audit   '@babel/generator': [ '7.29.7' ],
105 silly audit   '@babel/helper-annotate-as-pure': [ '7.29.7' ],
105 silly audit   '@babel/helper-compilation-targets': [ '7.29.7' ],
105 silly audit   '@babel/helper-create-class-features-plugin': [ '7.29.7' ],
105 silly audit   '@babel/helper-create-regexp-features-plugin': [ '7.29.7' ],
105 silly audit   '@babel/helper-define-polyfill-provider': [ '0.6.8' ],
105 silly audit   '@babel/helper-globals': [ '7.29.7' ],
105 silly audit   '@babel/helper-member-expression-to-functions': [ '7.29.7' ],
105 silly audit   '@babel/helper-module-imports': [ '7.29.7' ],
105 silly audit   '@babel/helper-module-transforms': [ '7.29.7' ],
105 silly audit   '@babel/helper-optimise-call-expression': [ '7.29.7' ],
105 silly audit   '@babel/helper-plugin-utils': [ '7.29.7' ],
105 silly audit   '@babel/helper-remap-async-to-generator': [ '7.29.7' ],
105 silly audit   '@babel/helper-replace-supers': [ '7.29.7' ],
105 silly audit   '@babel/helper-skip-transparent-expression-wrappers': [ '7.29.7' ],
105 silly audit   '@babel/helper-string-parser': [ '7.29.7' ],
105 silly audit   '@babel/helper-validator-identifier': [ '7.29.7' ],
105 silly audit   '@babel/helper-validator-option': [ '7.29.7' ],
105 silly audit   '@babel/helper-wrap-function': [ '7.29.7' ],
105 silly audit   '@babel/helpers': [ '7.29.7' ],
105 silly audit   '@babel/parser': [ '7.29.7' ],
105 silly audit   '@babel/plugin-proposal-decorators': [ '7.29.7' ],
105 silly audit   '@babel/plugin-proposal-export-default-from': [ '7.29.7' ],
105 silly audit   '@babel/plugin-syntax-decorators': [ '7.29.7' ],
105 silly audit   '@babel/plugin-syntax-dynamic-import': [ '7.8.3' ],
105 silly audit   '@babel/plugin-syntax-export-default-from': [ '7.29.7' ],
105 silly audit   '@babel/plugin-syntax-flow': [ '7.29.7' ],
105 silly audit   '@babel/plugin-syntax-jsx': [ '7.29.7' ],
105 silly audit   '@babel/plugin-syntax-nullish-coalescing-operator': [ '7.8.3' ],
105 silly audit   '@babel/plugin-syntax-optional-chaining': [ '7.8.3' ],
105 silly audit   '@babel/plugin-syntax-typescript': [ '7.29.7' ],
105 silly audit   '@babel/plugin-transform-arrow-functions': [ '7.29.7' ],
105 silly audit   '@babel/plugin-transform-async-generator-functions': [ '7.29.7' ],
105 silly audit   '@babel/plugin-transform-async-to-generator': [ '7.29.7' ],
105 silly audit   '@babel/plugin-transform-block-scoping': [ '7.29.7' ],
105 silly audit   '@babel/plugin-transform-class-properties': [ '7.29.7' ],
105 silly audit   '@babel/plugin-transform-class-static-block': [ '7.29.7' ],
105 silly audit   '@babel/plugin-transform-classes': [ '7.29.7' ],
105 silly audit   '@babel/plugin-transform-destructuring': [ '7.29.7' ],
105 silly audit   '@babel/plugin-transform-export-namespace-from': [ '7.29.7' ],
105 silly audit   '@babel/plugin-transform-flow-strip-types': [ '7.29.7' ],
105 silly audit   '@babel/plugin-transform-for-of': [ '7.29.7' ],
105 silly audit   '@babel/plugin-transform-logical-assignment-operators': [ '7.29.7' ],
105 silly audit   '@babel/plugin-transform-modules-commonjs': [ '7.29.7' ],
105 silly audit   '@babel/plugin-transform-named-capturing-groups-regex': [ '7.29.7' ],
105 silly audit   '@babel/plugin-transform-nullish-coalescing-operator': [ '7.29.7' ],
105 silly audit   '@babel/plugin-transform-object-rest-spread': [ '7.29.7' ],
105 silly audit   '@babel/plugin-transform-optional-catch-binding': [ '7.29.7' ],
105 silly audit   '@babel/plugin-transform-optional-chaining': [ '7.29.7' ],
105 silly audit   '@babel/plugin-transform-parameters': [ '7.29.7' ],
105 silly audit   '@babel/plugin-transform-private-methods': [ '7.29.7' ],
105 silly audit   '@babel/plugin-transform-private-property-in-object': [ '7.29.7' ],
105 silly audit   '@babel/plugin-transform-react-display-name': [ '7.29.7' ],
105 silly audit   '@babel/plugin-transform-react-jsx': [ '7.29.7' ],
105 silly audit   '@babel/plugin-transform-react-jsx-development': [ '7.29.7' ],
105 silly audit   '@babel/plugin-transform-react-jsx-self': [ '7.29.7' ],
105 silly audit   '@babel/plugin-transform-react-jsx-source': [ '7.29.7' ],
105 silly audit   '@babel/plugin-transform-react-pure-annotations': [ '7.29.7' ],
105 silly audit   '@babel/plugin-transform-regenerator': [ '7.29.7' ],
105 silly audit   '@babel/plugin-transform-runtime': [ '7.29.7' ],
105 silly audit   '@babel/plugin-transform-shorthand-properties': [ '7.29.7' ],
105 silly audit   '@babel/plugin-transform-template-literals': [ '7.29.7' ],
105 silly audit   '@babel/plugin-transform-typescript': [ '7.29.7' ],
105 silly audit   '@babel/plugin-transform-unicode-regex': [ '7.29.7' ],
105 silly audit   '@babel/preset-typescript': [ '7.29.7' ],
105 silly audit   '@babel/runtime': [ '7.29.7' ],
105 silly audit   '@babel/template': [ '7.29.7' ],
105 silly audit   '@babel/traverse': [ '7.29.7' ],
105 silly audit   '@babel/types': [ '7.29.7' ],
105 silly audit   '@egjs/hammerjs': [ '2.0.17' ],
105 silly audit   '@expo-google-fonts/material-symbols': [ '0.4.38' ],
105 silly audit   '@expo/code-signing-certificates': [ '0.0.6' ],
105 silly audit   '@expo/config': [ '56.0.9' ],
105 silly audit   '@expo/config-plugins': [ '56.0.9' ],
105 silly audit   '@expo/config-types': [ '56.0.6' ],
105 silly audit   '@expo/devcert': [ '1.2.1' ],
105 silly audit   debug: [ '3.2.7', '2.6.9', '4.4.3' ],
105 silly audit   '@expo/devtools': [ '56.0.2' ],
105 silly audit   '@expo/dom-webview': [ '56.0.5' ],
105 silly audit   '@expo/env': [ '2.3.0' ],
105 silly audit   '@expo/expo-modules-macros-plugin': [ '0.2.2' ],
105 silly audit   '@expo/fingerprint': [ '0.19.4' ],
105 silly audit   '@expo/image-utils': [ '0.10.1' ],
105 silly audit   '@expo/inline-modules': [ '0.0.12' ],
105 silly audit   '@expo/json-file': [ '10.2.0' ],
105 silly audit   '@expo/local-build-cache-provider': [ '56.0.8' ],
105 silly audit   '@expo/log-box': [ '56.0.13' ],
105 silly audit   '@expo/metro': [ '56.0.0' ],
105 silly audit   '@expo/metro-config': [ '56.0.14' ],
105 silly audit   '@expo/metro-file-map': [ '56.0.3' ],
105 silly audit   '@expo/metro-runtime': [ '56.0.15' ],
105 silly audit   '@expo/osascript': [ '2.6.0' ],
105 silly audit   '@expo/package-manager': [ '1.12.1' ],
105 silly audit   '@expo/plist': [ '0.7.0' ],
105 silly audit   '@expo/prebuild-config': [ '56.0.16' ],
105 silly audit   '@expo/require-utils': [ '56.1.3' ],
105 silly audit   '@expo/schema-utils': [ '56.0.1' ],
105 silly audit   '@expo/sdk-runtime-versions': [ '1.0.0' ],
105 silly audit   '@expo/spawn-async': [ '1.8.0' ],
105 silly audit   '@expo/sudo-prompt': [ '9.3.2' ],
105 silly audit   '@expo/ui': [ '56.0.18' ],
105 silly audit   '@expo/xcpretty': [ '4.4.4' ],
105 silly audit   '@isaacs/ttlcache': [ '1.4.1' ],
105 silly audit   '@jest/schemas': [ '29.6.3' ],
105 silly audit   '@jest/types': [ '29.6.3' ],
105 silly audit   '@jridgewell/gen-mapping': [ '0.3.13' ],
105 silly audit   '@jridgewell/remapping': [ '2.3.5' ],
105 silly audit   '@jridgewell/resolve-uri': [ '3.1.2' ],
105 silly audit   '@jridgewell/source-map': [ '0.3.11' ],
105 silly audit   '@jridgewell/sourcemap-codec': [ '1.5.5' ],
105 silly audit   '@jridgewell/trace-mapping': [ '0.3.31' ],
105 silly audit   '@radix-ui/primitive': [ '1.1.4' ],
105 silly audit   '@radix-ui/react-collection': [ '1.1.10' ],
105 silly audit   '@radix-ui/react-compose-refs': [ '1.1.3' ],
105 silly audit   '@radix-ui/react-context': [ '1.1.4' ],
105 silly audit   '@radix-ui/react-dialog': [ '1.1.17' ],
105 silly audit   '@radix-ui/react-direction': [ '1.1.2' ],
105 silly audit   '@radix-ui/react-dismissable-layer': [ '1.1.13' ],
105 silly audit   '@radix-ui/react-focus-guards': [ '1.1.4' ],
105 silly audit   '@radix-ui/react-focus-scope': [ '1.1.10' ],
105 silly audit   '@radix-ui/react-id': [ '1.1.2' ],
105 silly audit   '@radix-ui/react-portal': [ '1.1.12' ],
105 silly audit   '@radix-ui/react-presence': [ '1.1.6' ],
105 silly audit   '@radix-ui/react-primitive': [ '2.1.6' ],
105 silly audit   '@radix-ui/react-roving-focus': [ '1.1.13' ],
105 silly audit   '@radix-ui/react-slot': [ '1.3.0' ],
105 silly audit   '@radix-ui/react-tabs': [ '1.1.15' ],
105 silly audit   '@radix-ui/react-use-callback-ref': [ '1.1.2' ],
105 silly audit   '@radix-ui/react-use-controllable-state': [ '1.2.3' ],
105 silly audit   '@radix-ui/react-use-effect-event': [ '0.0.3' ],
105 silly audit   '@radix-ui/react-use-escape-keydown': [ '1.1.2' ],
105 silly audit   '@radix-ui/react-use-layout-effect': [ '1.1.2' ],
105 silly audit   '@react-native-masked-view/masked-view': [ '0.3.2' ],
105 silly audit   '@react-native/assets-registry': [ '0.85.3' ],
105 silly audit   '@react-native/babel-plugin-codegen': [ '0.85.3' ],
105 silly audit   '@react-native/babel-preset': [ '0.85.3' ],
105 silly audit   '@react-native/codegen': [ '0.85.3' ],
105 silly audit   '@react-native/community-cli-plugin': [ '0.85.3' ],
105 silly audit   '@react-native/debugger-frontend': [ '0.85.3' ],
105 silly audit   '@react-native/debugger-shell': [ '0.85.3' ],
105 silly audit   '@react-native/dev-middleware': [ '0.85.3' ],
105 silly audit   '@react-native/gradle-plugin': [ '0.85.3' ],
105 silly audit   '@react-native/js-polyfills': [ '0.85.3' ],
105 silly audit   '@react-native/metro-babel-transformer': [ '0.85.3' ],
105 silly audit   '@react-native/metro-config': [ '0.85.3' ],
105 silly audit   '@react-native/normalize-colors': [ '0.85.3', '0.74.89' ],
105 silly audit   '@react-native/virtualized-lists': [ '0.85.3' ],
105 silly audit   '@sinclair/typebox': [ '0.27.10' ],
105 silly audit   '@supabase/auth-js': [ '2.108.2' ],
105 silly audit   '@supabase/functions-js': [ '2.108.2' ],
105 silly audit   '@supabase/phoenix': [ '0.4.4' ],
105 silly audit   '@supabase/postgrest-js': [ '2.108.2' ],
105 silly audit   '@supabase/realtime-js': [ '2.108.2' ],
105 silly audit   '@supabase/storage-js': [ '2.108.2' ],
105 silly audit   '@supabase/supabase-js': [ '2.108.2' ],
105 silly audit   '@testing-library/dom': [ '10.4.1' ],
105 silly audit   'ansi-styles': [ '5.2.0', '4.3.0', '3.2.1' ],
105 silly audit   'pretty-format': [ '27.5.1', '29.7.0' ],
105 silly audit   'react-is': [ '17.0.2', '16.13.1', '18.3.1', '19.2.7' ],
105 silly audit   '@testing-library/jest-dom': [ '6.9.1' ],
105 silly audit   'dom-accessibility-api': [ '0.6.3', '0.5.16' ],
105 silly audit   '@testing-library/user-event': [ '14.6.1' ],
105 silly audit   '@types/aria-query': [ '5.0.4' ],
105 silly audit   '@types/hammerjs': [ '2.0.46' ],
105 silly audit   '@types/istanbul-lib-coverage': [ '2.0.6' ],
105 silly audit   '@types/istanbul-lib-report': [ '3.0.3' ],
105 silly audit   '@types/istanbul-reports': [ '3.0.4' ],
105 silly audit   '@types/node': [ '26.0.0' ],
105 silly audit   '@types/react': [ '19.2.17' ],
105 silly audit   '@types/react-test-renderer': [ '19.1.0' ],
105 silly audit   '@types/yargs': [ '17.0.35' ],
105 silly audit   '@types/yargs-parser': [ '21.0.3' ],
105 silly audit   '@ungap/structured-clone': [ '1.3.1' ],
105 silly audit   '@xmldom/xmldom': [ '0.8.13', '0.9.10' ],
105 silly audit   'abort-controller': [ '3.0.0' ],
105 silly audit   accepts: [ '2.0.0', '1.3.8' ],
105 silly audit   acorn: [ '8.17.0' ],
105 silly audit   'agent-base': [ '7.1.4' ],
105 silly audit   anser: [ '1.4.10' ],
105 silly audit   'ansi-escapes': [ '4.3.2' ],
105 silly audit   'type-fest': [ '0.21.3', '0.7.1' ],
105 silly audit   'ansi-regex': [ '5.0.1', '4.1.1' ],
105 silly audit   arg: [ '5.0.2' ],
105 silly audit   argparse: [ '2.0.1' ],
105 silly audit   'aria-hidden': [ '1.2.6' ],
105 silly audit   'aria-query': [ '5.3.0' ],
105 silly audit   asap: [ '2.0.6' ],
105 silly audit   'babel-plugin-polyfill-corejs2': [ '0.4.17' ],
105 silly audit   'babel-plugin-polyfill-corejs3': [ '0.13.0' ],
105 silly audit   'babel-plugin-polyfill-regenerator': [ '0.6.8' ],
105 silly audit   'babel-plugin-react-compiler': [ '1.0.0' ],
105 silly audit   'babel-plugin-react-native-web': [ '0.21.2' ],
105 silly audit   'babel-plugin-syntax-hermes-parser': [ '0.33.3' ],
105 silly audit   'babel-plugin-transform-flow-enums': [ '0.0.2' ],
105 silly audit   'babel-preset-expo': [ '56.0.15' ],
105 silly audit   'balanced-match': [ '4.0.4' ],
105 silly audit   'base64-js': [ '1.5.1' ],
105 silly audit   'baseline-browser-mapping': [ '2.10.38' ],
105 silly audit   'big-integer': [ '1.6.52' ],
105 silly audit   'bplist-creator': [ '0.1.0' ],
105 silly audit   'bplist-parser': [ '0.3.1' ],
105 silly audit   'brace-expansion': [ '5.0.6' ],
105 silly audit   braces: [ '3.0.3' ],
105 silly audit   browserslist: [ '4.28.2' ],
105 silly audit   bser: [ '2.1.1' ],
105 silly audit   buffer: [ '5.7.1' ],
105 silly audit   'buffer-from': [ '1.1.2' ],
105 silly audit   bytes: [ '3.1.2' ],
105 silly audit   camelcase: [ '6.3.0' ],
105 silly audit   'caniuse-lite': [ '1.0.30001799' ],
105 silly audit   chalk: [ '4.1.2', '2.4.2' ],
105 silly audit   'chrome-launcher': [ '0.15.2' ],
105 silly audit   'chromium-edge-launcher': [ '0.3.0' ],
105 silly audit   'ci-info': [ '2.0.0', '3.9.0' ],
105 silly audit   'cli-cursor': [ '2.1.0' ],
105 silly audit   'cli-spinners': [ '2.9.2' ],
105 silly audit   'client-only': [ '0.0.1' ],
105 silly audit   cliui: [ '8.0.1' ],
105 silly audit   clone: [ '1.0.4' ],
105 silly audit   color: [ '4.2.3' ],
105 silly audit   'color-convert': [ '2.0.1', '1.9.3' ],
105 silly audit   'color-name': [ '1.1.4', '1.1.3' ],
105 silly audit   'color-string': [ '1.9.1' ],
105 silly audit   commander: [ '7.2.0', '12.1.0', '2.20.3' ],
105 silly audit   compressible: [ '2.0.18' ],
105 silly audit   compression: [ '1.8.1' ],
105 silly audit   ms: [ '2.0.0', '2.1.3' ],
105 silly audit   negotiator: [ '0.6.4', '0.6.3', '1.0.0' ],
105 silly audit   connect: [ '3.7.0' ],
105 silly audit   'convert-source-map': [ '2.0.0' ],
105 silly audit   'core-js-compat': [ '3.49.0' ],
105 silly audit   'cross-fetch': [ '3.2.0' ],
105 silly audit   'cross-spawn': [ '7.0.6' ],
105 silly audit   'css-in-js-utils': [ '3.1.0' ],
105 silly audit   'css.escape': [ '1.5.1' ],
105 silly audit   csstype: [ '3.2.3' ],
105 silly audit   'decode-uri-component': [ '0.2.2' ],
105 silly audit   deepmerge: [ '4.3.1' ],
105 silly audit   defaults: [ '1.0.4' ],
105 silly audit   depd: [ '2.0.0' ],
105 silly audit   dequal: [ '2.0.3' ],
105 silly audit   destroy: [ '1.2.0' ],
105 silly audit   'detect-libc': [ '2.1.2' ],
105 silly audit   'detect-node-es': [ '1.1.0' ],
105 silly audit   'dnssd-advertise': [ '1.1.6' ],
105 silly audit   'ee-first': [ '1.1.1' ],
105 silly audit   'electron-to-chromium': [ '1.5.376' ],
105 silly audit   'emoji-regex': [ '8.0.0' ],
105 silly audit   encodeurl: [ '1.0.2', '2.0.0' ],
105 silly audit   'error-stack-parser': [ '2.1.4' ],
105 silly audit   'es-errors': [ '1.3.0' ],
105 silly audit   escalade: [ '3.2.0' ],
105 silly audit   'escape-html': [ '1.0.3' ],
105 silly audit   'escape-string-regexp': [ '4.0.0', '1.0.5' ],
105 silly audit   etag: [ '1.8.1' ],
105 silly audit   'event-target-shim': [ '5.0.1' ],
105 silly audit   expo: [ '56.0.12' ],
105 silly audit   'expo-asset': [ '56.0.17' ],
105 silly audit   'expo-constants': [ '56.0.18' ],
105 silly audit   'expo-device': [ '56.0.4' ],
105 silly audit   'expo-file-system': [ '56.0.8' ],
105 silly audit   'expo-font': [ '56.0.7' ],
105 silly audit   'expo-glass-effect': [ '56.0.4' ],
105 silly audit   'expo-image': [ '56.0.11' ],
105 silly audit   'expo-keep-awake': [ '56.0.3' ],
105 silly audit   'expo-linking': [ '56.0.14' ],
105 silly audit   'expo-modules-autolinking': [ '56.0.16' ],
105 silly audit   'expo-modules-core': [ '56.0.17' ],
105 silly audit   'expo-modules-jsi': [ '56.0.10' ],
105 silly audit   'expo-router': [ '56.2.11' ],
105 silly audit   'expo-secure-store': [ '56.0.4' ],
105 silly audit   'expo-server': [ '56.0.5' ],
105 silly audit   'expo-splash-screen': [ '56.0.10' ],
105 silly audit   'expo-status-bar': [ '56.0.4' ],
105 silly audit   'expo-symbols': [ '56.0.6' ],
105 silly audit   'expo-system-ui': [ '56.0.5' ],
105 silly audit   'expo-web-browser': [ '56.0.5' ],
105 silly audit   '@expo/cli': [ '56.1.16' ],
105 silly audit   '@expo/router-server': [ '56.0.14' ],
105 silly audit   '@expo/ws-tunnel': [ '2.0.0' ],
105 silly audit   'mime-db': [ '1.52.0', '1.54.0' ],
105 silly audit   'mime-types': [ '2.1.35', '3.0.2' ],
105 silly audit   ws: [ '8.21.0', '7.5.11' ],
105 silly audit   'exponential-backoff': [ '3.1.3' ],
105 silly audit   'fast-deep-equal': [ '3.1.3' ],
105 silly audit   'fb-dotslash': [ '0.5.8' ],
105 silly audit   'fb-watchman': [ '2.0.2' ],
105 silly audit   fbjs: [ '3.0.5' ],
105 silly audit   'fbjs-css-vars': [ '1.0.2' ],
105 silly audit   promise: [ '7.3.1', '8.3.0' ],
105 silly audit   'ua-parser-js': [ '1.0.41', '0.7.41' ],
105 silly audit   fdir: [ '6.5.0' ],
105 silly audit   'fetch-nodeshim': [ '0.4.10' ],
105 silly audit   'fill-range': [ '7.1.1' ],
105 silly audit   'filter-obj': [ '1.1.0' ],
105 silly audit   finalhandler: [ '1.1.2' ],
105 silly audit   'flow-enums-runtime': [ '0.0.6' ],
105 silly audit   fontfaceobserver: [ '2.3.0' ],
105 silly audit   fresh: [ '0.5.2' ],
105 silly audit   'function-bind': [ '1.1.2' ],
105 silly audit   gensync: [ '1.0.0-beta.2' ],
105 silly audit   'get-caller-file': [ '2.0.5' ],
105 silly audit   'get-nonce': [ '1.0.1' ],
105 silly audit   getenv: [ '2.0.0' ],
105 silly audit   glob: [ '13.0.6' ],
105 silly audit   'graceful-fs': [ '4.2.11' ],
105 silly audit   'has-flag': [ '4.0.0', '3.0.0' ],
105 silly audit   hasown: [ '2.0.4' ],
105 silly audit   'hermes-compiler': [ '250829098.0.10' ],
105 silly audit   'hermes-estree': [ '0.33.3', '0.35.0' ],
105 silly audit   'hermes-parser': [ '0.33.3', '0.35.0' ],
105 silly audit   'hoist-non-react-statics': [ '3.3.2' ],
105 silly audit   'hosted-git-info': [ '7.0.2' ],
105 silly audit   'lru-cache': [ '10.4.3', '5.1.1', '11.5.1' ],
105 silly audit   'http-errors': [ '2.0.1' ],
105 silly audit   statuses: [ '2.0.2', '1.5.0' ],
105 silly audit   'https-proxy-agent': [ '7.0.6' ],
105 silly audit   'hyphenate-style-name': [ '1.1.0' ],
105 silly audit   'iceberg-js': [ '0.8.1' ],
105 silly audit   ieee754: [ '1.2.1' ],
105 silly audit   ignore: [ '5.3.2' ],
105 silly audit   'image-size': [ '1.2.1' ],
105 silly audit   'indent-string': [ '4.0.0' ],
105 silly audit   inherits: [ '2.0.4' ],
105 silly audit   'inline-style-prefixer': [ '7.0.1' ],
105 silly audit   invariant: [ '2.2.4' ],
105 silly audit   'is-arrayish': [ '0.3.4' ],
105 silly audit   'is-core-module': [ '2.16.2' ],
105 silly audit   'is-docker': [ '2.2.1' ],
105 silly audit   'is-fullwidth-code-point': [ '3.0.0' ],
105 silly audit   'is-number': [ '7.0.0' ],
105 silly audit   'is-wsl': [ '2.2.0' ],
105 silly audit   isexe: [ '2.0.0' ],
105 silly audit   'jest-get-type': [ '29.6.3' ],
105 silly audit   'jest-util': [ '29.7.0' ],
105 silly audit   picomatch: [ '2.3.2', '4.0.4' ],
105 silly audit   'jest-validate': [ '29.7.0' ],
105 silly audit   'jest-worker': [ '29.7.0' ],
105 silly audit   'supports-color': [ '8.1.1', '5.5.0', '7.2.0' ],
105 silly audit   'jimp-compact': [ '0.16.1' ],
105 silly audit   'js-tokens': [ '4.0.0' ],
105 silly audit   'js-yaml': [ '4.2.0' ],
105 silly audit   'jsc-safe-url': [ '0.2.4' ],
105 silly audit   jsesc: [ '3.1.0' ],
105 silly audit   json5: [ '2.2.3' ],
105 silly audit   kleur: [ '3.0.3' ],
105 silly audit   'lan-network': [ '0.2.1' ],
105 silly audit   leven: [ '3.1.0' ],
105 silly audit   'lighthouse-logger': [ '1.4.2' ],
105 silly audit   lightningcss: [ '1.32.0' ],
105 silly audit   'lightningcss-android-arm64': [ '1.32.0' ],
105 silly audit   'lightningcss-darwin-arm64': [ '1.32.0' ],
105 silly audit   'lightningcss-darwin-x64': [ '1.32.0' ],
105 silly audit   'lightningcss-freebsd-x64': [ '1.32.0' ],
105 silly audit   'lightningcss-linux-arm-gnueabihf': [ '1.32.0' ],
105 silly audit   'lightningcss-linux-arm64-gnu': [ '1.32.0' ],
105 silly audit   'lightningcss-linux-arm64-musl': [ '1.32.0' ],
105 silly audit   'lightningcss-linux-x64-gnu': [ '1.32.0' ],
105 silly audit   'lightningcss-linux-x64-musl': [ '1.32.0' ],
105 silly audit   'lightningcss-win32-arm64-msvc': [ '1.32.0' ],
105 silly audit   'lightningcss-win32-x64-msvc': [ '1.32.0' ],
105 silly audit   'lodash.debounce': [ '4.0.8' ],
105 silly audit   'lodash.throttle': [ '4.1.1' ],
105 silly audit   'log-symbols': [ '2.2.0' ],
105 silly audit   'loose-envify': [ '1.4.0' ],
105 silly audit   'lz-string': [ '1.5.0' ],
105 silly audit   makeerror: [ '1.0.12' ],
105 silly audit   marky: [ '1.3.0' ],
105 silly audit   'memoize-one': [ '5.2.1', '6.0.0' ],
105 silly audit   'merge-stream': [ '2.0.0' ],
105 silly audit   metro: [ '0.84.4' ],
105 silly audit   'metro-babel-transformer': [ '0.84.4' ],
105 silly audit   'metro-cache': [ '0.84.4' ],
105 silly audit   'metro-cache-key': [ '0.84.4' ],
105 silly audit   'metro-config': [ '0.84.4' ],
105 silly audit   'metro-core': [ '0.84.4' ],
105 silly audit   'metro-file-map': [ '0.84.4' ],
105 silly audit   'metro-minify-terser': [ '0.84.4' ],
105 silly audit   'metro-resolver': [ '0.84.4' ],
105 silly audit   'metro-runtime': [ '0.84.4' ],
105 silly audit   'metro-source-map': [ '0.84.4' ],
105 silly audit   'metro-symbolicate': [ '0.84.4' ],
105 silly audit   'metro-transform-plugins': [ '0.84.4' ],
105 silly audit   'metro-transform-worker': [ '0.84.4' ],
105 silly audit   micromatch: [ '4.0.8' ],
105 silly audit   mime: [ '1.6.0' ],
105 silly audit   'mimic-fn': [ '1.2.0' ],
105 silly audit   'min-indent': [ '1.0.1' ],
105 silly audit   minimatch: [ '10.2.5' ],
105 silly audit   minipass: [ '7.1.3' ],
105 silly audit   mkdirp: [ '1.0.4' ],
105 silly audit   multitars: [ '1.0.0' ],
105 silly audit   nanoid: [ '3.3.13' ],
105 silly audit   'node-fetch': [ '2.7.0' ],
105 silly audit   'node-forge': [ '1.4.0' ],
105 silly audit   'node-int64': [ '0.4.0' ],
105 silly audit   'node-releases': [ '2.0.48' ],
105 silly audit   'npm-package-arg': [ '11.0.3' ],
105 silly audit   nullthrows: [ '1.1.1' ],
105 silly audit   ob1: [ '0.84.4' ],
105 silly audit   'object-assign': [ '4.1.1' ],
105 silly audit   'on-finished': [ '2.3.0', '2.4.1' ],
105 silly audit   'on-headers': [ '1.1.0' ],
105 silly audit   onetime: [ '2.0.1' ],
105 silly audit   open: [ '7.4.2' ],
105 silly audit   ora: [ '3.4.0' ],
105 silly audit   'strip-ansi': [ '5.2.0', '6.0.1' ],
105 silly audit   'parse-png': [ '2.1.0' ],
105 silly audit   parseurl: [ '1.3.3' ],
105 silly audit   'path-key': [ '3.1.1' ],
105 silly audit   'path-parse': [ '1.0.7' ],
105 silly audit   'path-scurry': [ '2.0.2' ],
105 silly audit   picocolors: [ '1.1.1' ],
105 silly audit   plist: [ '3.1.1' ],
105 silly audit   pngjs: [ '3.4.0' ],
105 silly audit   postcss: [ '8.5.15' ],
105 silly audit   'postcss-value-parser': [ '4.2.0' ],
105 silly audit   'proc-log': [ '4.2.0' ],
105 silly audit   progress: [ '2.0.3' ],
105 silly audit   prompts: [ '2.4.2' ],
105 silly audit   punycode: [ '2.3.1' ],
105 silly audit   'query-string': [ '7.1.3' ],
105 silly audit   queue: [ '6.0.2' ],
105 silly audit   'range-parser': [ '1.2.1' ],
105 silly audit   react: [ '19.2.3' ],
105 silly audit   'react-devtools-core': [ '6.1.5' ],
105 silly audit   'react-dom': [ '19.2.3' ],
105 silly audit   'react-fast-compare': [ '3.2.2' ],
105 silly audit   'react-freeze': [ '1.0.4' ],
105 silly audit   'react-native': [ '0.85.3' ],
105 silly audit   'react-native-drawer-layout': [ '4.2.5' ],
105 silly audit   'react-native-gesture-handler': [ '2.31.2' ],
105 silly audit   'react-native-is-edge-to-edge': [ '1.3.1' ],
105 silly audit   'react-native-reanimated': [ '4.3.1' ],
105 silly audit   'react-native-safe-area-context': [ '5.7.0' ],
105 silly audit   'react-native-screens': [ '4.25.2' ],
105 silly audit   'react-native-url-polyfill': [ '3.0.0' ],
105 silly audit   'react-native-web': [ '0.21.2' ],
105 silly audit   'react-native-worklets': [ '0.8.3' ],
105 silly audit   'react-refresh': [ '0.14.2' ],
105 silly audit   'react-remove-scroll': [ '2.7.2' ],
105 silly audit   'react-remove-scroll-bar': [ '2.3.8' ],
105 silly audit   'react-style-singleton': [ '2.2.3' ],
105 silly audit   redent: [ '3.0.0' ],
105 silly audit   regenerate: [ '1.4.2' ],
105 silly audit   'regenerate-unicode-properties': [ '10.2.2' ],
105 silly audit   'regenerator-runtime': [ '0.13.11' ],
105 silly audit   'regexpu-core': [ '6.4.0' ],
105 silly audit   regjsgen: [ '0.8.0' ],
105 silly audit   regjsparser: [ '0.13.2' ],
105 silly audit   'require-directory': [ '2.1.1' ],
105 silly audit   resolve: [ '1.22.12' ],
105 silly audit   'resolve-from': [ '5.0.0' ],
105 silly audit   'resolve-workspace-root': [ '2.0.1' ],
105 silly audit   'restore-cursor': [ '2.0.0' ],
105 silly audit   'safe-buffer': [ '5.2.1' ],
105 silly audit   sax: [ '1.6.0' ],
105 silly audit   scheduler: [ '0.27.0' ],
105 silly audit   send: [ '0.19.2' ],
105 silly audit   'serialize-error': [ '2.1.0' ],
105 silly audit   'serve-static': [ '1.16.3' ],
105 silly audit   'server-only': [ '0.0.1' ],
105 silly audit   setimmediate: [ '1.0.5' ],
105 silly audit   setprototypeof: [ '1.2.0' ],
105 silly audit   'sf-symbols-typescript': [ '2.2.0' ],
105 silly audit   shallowequal: [ '1.1.0' ],
105 silly audit   'shebang-command': [ '2.0.0' ],
105 silly audit   'shebang-regex': [ '3.0.0' ],
105 silly audit   'shell-quote': [ '1.8.4' ],
105 silly audit   'signal-exit': [ '3.0.7' ],
105 silly audit   'simple-plist': [ '1.3.1' ],
105 silly audit   'simple-swizzle': [ '0.2.4' ],
105 silly audit   sisteransi: [ '1.0.5' ],
105 silly audit   slugify: [ '1.6.9' ],
105 silly audit   'source-map': [ '0.5.7', '0.6.1' ],
105 silly audit   'source-map-js': [ '1.2.1' ],
105 silly audit   'source-map-support': [ '0.5.21' ],
105 silly audit   'split-on-first': [ '1.1.0' ],
105 silly audit   stackframe: [ '1.3.4' ],
105 silly audit   'stacktrace-parser': [ '0.1.11' ],
105 silly audit   'standard-navigation': [ '0.0.5' ],
105 silly audit   'stream-buffers': [ '2.2.0' ],
105 silly audit   'strict-uri-encode': [ '2.0.0' ],
105 silly audit   'string-width': [ '4.2.3' ],
105 silly audit   'strip-indent': [ '3.0.0' ],
105 silly audit   'structured-headers': [ '0.4.1' ],
105 silly audit   styleq: [ '0.1.3' ],
105 silly audit   'supports-hyperlinks': [ '2.3.0' ],
105 silly audit   'supports-preserve-symlinks-flag': [ '1.0.0' ],
105 silly audit   'terminal-link': [ '2.1.1' ],
105 silly audit   terser: [ '5.48.0' ],
105 silly audit   throat: [ '5.0.0' ],
105 silly audit   tinyglobby: [ '0.2.17' ],
105 silly audit   tmpl: [ '1.0.5' ],
105 silly audit   'to-regex-range': [ '5.0.1' ],
105 silly audit   toidentifier: [ '1.0.1' ],
105 silly audit   toqr: [ '0.1.1' ],
105 silly audit   tr46: [ '0.0.3' ],
105 silly audit   tslib: [ '2.8.1' ],
105 silly audit   typescript: [ '6.0.3' ],
105 silly audit   'undici-types': [ '8.3.0' ],
105 silly audit   'unicode-canonical-property-names-ecmascript': [ '2.0.1' ],
105 silly audit   'unicode-match-property-ecmascript': [ '2.0.0' ],
105 silly audit   'unicode-match-property-value-ecmascript': [ '2.2.1' ],
105 silly audit   'unicode-property-aliases-ecmascript': [ '2.2.0' ],
105 silly audit   unpipe: [ '1.0.0' ],
105 silly audit   'update-browserslist-db': [ '1.2.3' ],
105 silly audit   'use-callback-ref': [ '1.3.3' ],
105 silly audit   'use-latest-callback': [ '0.2.6' ],
105 silly audit   'use-sidecar': [ '1.1.3' ],
105 silly audit   'utils-merge': [ '1.0.1' ],
105 silly audit   uuid: [ '7.0.3' ],
105 silly audit   'validate-npm-package-name': [ '5.0.1' ],
105 silly audit   vary: [ '1.1.2' ],
105 silly audit   vaul: [ '1.1.2' ],
105 silly audit   vlq: [ '1.0.1' ],
105 silly audit   walker: [ '1.0.8' ],
105 silly audit   'warn-once': [ '0.1.1' ],
105 silly audit   wcwidth: [ '1.0.1' ],
105 silly audit   'webidl-conversions': [ '3.0.1', '5.0.0' ],
105 silly audit   'whatwg-fetch': [ '3.6.20' ],
105 silly audit   'whatwg-url': [ '5.0.0' ],
105 silly audit   'whatwg-url-minimum': [ '0.1.2' ],
105 silly audit   'whatwg-url-without-unicode': [ '8.0.0-3' ],
105 silly audit   which: [ '2.0.2' ],
105 silly audit   'wrap-ansi': [ '7.0.0' ],
105 silly audit   xcode: [ '3.0.1' ],
105 silly audit   xml2js: [ '0.6.0' ],
105 silly audit   xmlbuilder: [ '11.0.1', '15.1.1' ],
105 silly audit   y18n: [ '5.0.8' ],
105 silly audit   yallist: [ '3.1.1' ],
105 silly audit   yaml: [ '2.9.0' ],
105 silly audit   yargs: [ '17.7.3' ],
105 silly audit   'yargs-parser': [ '21.1.1' ],
105 silly audit   zod: [ '3.25.76' ],
105 silly audit   'lucide-react-native': [ '1.21.0' ],
105 silly audit   'react-native-svg': [ '15.15.5' ],
105 silly audit   'css-select': [ '5.2.2' ],
105 silly audit   'css-tree': [ '1.1.3' ],
105 silly audit   boolbase: [ '1.0.0' ],
105 silly audit   'css-what': [ '6.2.2' ],
105 silly audit   domhandler: [ '5.0.3' ],
105 silly audit   domutils: [ '3.2.2' ],
105 silly audit   'nth-check': [ '2.1.1' ],
105 silly audit   'mdn-data': [ '2.0.14' ],
105 silly audit   domelementtype: [ '2.3.0' ],
105 silly audit   'dom-serializer': [ '2.0.0' ],
105 silly audit   entities: [ '4.5.0' ]
105 silly audit }
106 verbose reify failed optional dependency /Users/soniaarora/code/rollstone/node_modules/lightningcss-win32-x64-msvc
107 silly reify mark deleted [
107 silly reify   '/Users/soniaarora/code/rollstone/node_modules/lightningcss-win32-x64-msvc'
107 silly reify ]
108 verbose reify failed optional dependency /Users/soniaarora/code/rollstone/node_modules/lightningcss-win32-arm64-msvc
109 silly reify mark deleted [
109 silly reify   '/Users/soniaarora/code/rollstone/node_modules/lightningcss-win32-arm64-msvc'
109 silly reify ]
110 verbose reify failed optional dependency /Users/soniaarora/code/rollstone/node_modules/lightningcss-linux-x64-musl
111 silly reify mark deleted [
111 silly reify   '/Users/soniaarora/code/rollstone/node_modules/lightningcss-linux-x64-musl'
111 silly reify ]
112 verbose reify failed optional dependency /Users/soniaarora/code/rollstone/node_modules/lightningcss-linux-x64-gnu
113 silly reify mark deleted [
113 silly reify   '/Users/soniaarora/code/rollstone/node_modules/lightningcss-linux-x64-gnu'
113 silly reify ]
114 verbose reify failed optional dependency /Users/soniaarora/code/rollstone/node_modules/lightningcss-linux-arm64-musl
115 silly reify mark deleted [
115 silly reify   '/Users/soniaarora/code/rollstone/node_modules/lightningcss-linux-arm64-musl'
115 silly reify ]
116 verbose reify failed optional dependency /Users/soniaarora/code/rollstone/node_modules/lightningcss-linux-arm64-gnu
117 silly reify mark deleted [
117 silly reify   '/Users/soniaarora/code/rollstone/node_modules/lightningcss-linux-arm64-gnu'
117 silly reify ]
118 verbose reify failed optional dependency /Users/soniaarora/code/rollstone/node_modules/lightningcss-linux-arm-gnueabihf
119 silly reify mark deleted [
119 silly reify   '/Users/soniaarora/code/rollstone/node_modules/lightningcss-linux-arm-gnueabihf'
119 silly reify ]
120 verbose reify failed optional dependency /Users/soniaarora/code/rollstone/node_modules/lightningcss-freebsd-x64
121 silly reify mark deleted [
121 silly reify   '/Users/soniaarora/code/rollstone/node_modules/lightningcss-freebsd-x64'
121 silly reify ]
122 verbose reify failed optional dependency /Users/soniaarora/code/rollstone/node_modules/lightningcss-darwin-x64
123 silly reify mark deleted [
123 silly reify   '/Users/soniaarora/code/rollstone/node_modules/lightningcss-darwin-x64'
123 silly reify ]
124 verbose reify failed optional dependency /Users/soniaarora/code/rollstone/node_modules/lightningcss-android-arm64
125 silly reify mark deleted [
125 silly reify   '/Users/soniaarora/code/rollstone/node_modules/lightningcss-android-arm64'
125 silly reify ]
126 http cache entities@https://registry.npmjs.org/entities/-/entities-4.5.0.tgz 0ms (cache hit)
127 http cache dom-serializer@https://registry.npmjs.org/dom-serializer/-/dom-serializer-2.0.0.tgz 0ms (cache hit)
128 http cache domelementtype@https://registry.npmjs.org/domelementtype/-/domelementtype-2.3.0.tgz 0ms (cache hit)
129 http cache nth-check@https://registry.npmjs.org/nth-check/-/nth-check-2.1.1.tgz 0ms (cache hit)
130 http cache mdn-data@https://registry.npmjs.org/mdn-data/-/mdn-data-2.0.14.tgz 0ms (cache hit)
131 http cache domutils@https://registry.npmjs.org/domutils/-/domutils-3.2.2.tgz 0ms (cache hit)
132 http cache domhandler@https://registry.npmjs.org/domhandler/-/domhandler-5.0.3.tgz 0ms (cache hit)
133 http cache css-what@https://registry.npmjs.org/css-what/-/css-what-6.2.2.tgz 0ms (cache hit)
134 http cache boolbase@https://registry.npmjs.org/boolbase/-/boolbase-1.0.0.tgz 0ms (cache hit)
135 http cache css-tree@https://registry.npmjs.org/css-tree/-/css-tree-1.1.3.tgz 0ms (cache hit)
136 http cache css-select@https://registry.npmjs.org/css-select/-/css-select-5.2.2.tgz 0ms (cache hit)
137 http cache react-native-svg@https://registry.npmjs.org/react-native-svg/-/react-native-svg-15.15.5.tgz 0ms (cache hit)
138 http cache lucide-react-native@https://registry.npmjs.org/lucide-react-native/-/lucide-react-native-1.21.0.tgz 0ms (cache hit)
139 http cache source-map@https://registry.npmjs.org/source-map/-/source-map-0.6.1.tgz 0ms (cache hit)
140 silly tarball no local data for entities@https://registry.npmjs.org/entities/-/entities-4.5.0.tgz. Extracting by manifest.
141 silly tarball no local data for dom-serializer@https://registry.npmjs.org/dom-serializer/-/dom-serializer-2.0.0.tgz. Extracting by manifest.
142 silly tarball no local data for domelementtype@https://registry.npmjs.org/domelementtype/-/domelementtype-2.3.0.tgz. Extracting by manifest.
143 silly tarball no local data for nth-check@https://registry.npmjs.org/nth-check/-/nth-check-2.1.1.tgz. Extracting by manifest.
144 silly tarball no local data for mdn-data@https://registry.npmjs.org/mdn-data/-/mdn-data-2.0.14.tgz. Extracting by manifest.
145 silly tarball no local data for domutils@https://registry.npmjs.org/domutils/-/domutils-3.2.2.tgz. Extracting by manifest.
146 silly tarball no local data for domhandler@https://registry.npmjs.org/domhandler/-/domhandler-5.0.3.tgz. Extracting by manifest.
147 silly tarball no local data for css-what@https://registry.npmjs.org/css-what/-/css-what-6.2.2.tgz. Extracting by manifest.
148 silly tarball no local data for boolbase@https://registry.npmjs.org/boolbase/-/boolbase-1.0.0.tgz. Extracting by manifest.
149 silly tarball no local data for css-tree@https://registry.npmjs.org/css-tree/-/css-tree-1.1.3.tgz. Extracting by manifest.
150 silly tarball no local data for css-select@https://registry.npmjs.org/css-select/-/css-select-5.2.2.tgz. Extracting by manifest.
151 silly tarball no local data for react-native-svg@https://registry.npmjs.org/react-native-svg/-/react-native-svg-15.15.5.tgz. Extracting by manifest.
152 silly tarball no local data for lucide-react-native@https://registry.npmjs.org/lucide-react-native/-/lucide-react-native-1.21.0.tgz. Extracting by manifest.
153 http fetch GET 200 https://registry.npmjs.org/domelementtype/-/domelementtype-2.3.0.tgz 40ms (cache miss)
154 http fetch GET 200 https://registry.npmjs.org/nth-check/-/nth-check-2.1.1.tgz 42ms (cache miss)
155 http fetch GET 200 https://registry.npmjs.org/entities/-/entities-4.5.0.tgz 48ms (cache miss)
156 http fetch GET 200 https://registry.npmjs.org/dom-serializer/-/dom-serializer-2.0.0.tgz 61ms (cache miss)
157 http fetch GET 200 https://registry.npmjs.org/mdn-data/-/mdn-data-2.0.14.tgz 64ms (cache miss)
158 http fetch GET 200 https://registry.npmjs.org/domhandler/-/domhandler-5.0.3.tgz 93ms (cache miss)
159 http fetch GET 200 https://registry.npmjs.org/domutils/-/domutils-3.2.2.tgz 145ms (cache miss)
160 http fetch GET 200 https://registry.npmjs.org/boolbase/-/boolbase-1.0.0.tgz 158ms (cache miss)
161 http fetch GET 200 https://registry.npmjs.org/css-what/-/css-what-6.2.2.tgz 167ms (cache miss)
162 http fetch GET 200 https://registry.npmjs.org/css-select/-/css-select-5.2.2.tgz 172ms (cache miss)
163 http fetch GET 200 https://registry.npmjs.org/css-tree/-/css-tree-1.1.3.tgz 193ms (cache miss)
164 http fetch POST 200 https://registry.npmjs.org/-/npm/v1/security/advisories/bulk 308ms
165 silly audit report {
165 silly audit report   uuid: [
165 silly audit report     {
165 silly audit report       id: 1119441,
165 silly audit report       url: 'https://github.com/advisories/GHSA-w5hq-g745-h8pq',
165 silly audit report       title: 'uuid: Missing buffer bounds check in v3/v5/v6 when buf is provided',
165 silly audit report       severity: 'moderate',
165 silly audit report       vulnerable_versions: '<11.1.1',
165 silly audit report       cwe: [Array],
165 silly audit report       cvss: [Object]
165 silly audit report     }
165 silly audit report   ]
165 silly audit report }
166 silly packumentCache corgi:https://registry.npmjs.org/uuid cache-miss
167 http cache https://registry.npmjs.org/uuid 5ms (cache hit)
168 silly packumentCache corgi:https://registry.npmjs.org/uuid set size:81812 disposed:false
169 silly packumentCache corgi:https://registry.npmjs.org/xcode cache-miss
170 http cache https://registry.npmjs.org/xcode 11ms (cache hit)
171 silly packumentCache corgi:https://registry.npmjs.org/xcode set size:1850340 disposed:false
172 silly packumentCache corgi:https://registry.npmjs.org/@expo%2fconfig-plugins cache-miss
173 http cache https://registry.npmjs.org/@expo%2fconfig-plugins 4ms (cache hit)
174 silly packumentCache corgi:https://registry.npmjs.org/@expo%2fconfig-plugins set size:414083 disposed:false
175 silly packumentCache corgi:https://registry.npmjs.org/@expo%2fconfig cache-miss
176 silly packumentCache corgi:https://registry.npmjs.org/@expo%2finline-modules cache-miss
177 silly packumentCache corgi:https://registry.npmjs.org/@expo%2fprebuild-config cache-miss
178 silly packumentCache corgi:https://registry.npmjs.org/expo cache-miss
179 silly packumentCache corgi:https://registry.npmjs.org/expo-splash-screen cache-miss
180 silly packumentCache corgi:https://registry.npmjs.org/@expo%2fcli cache-miss
181 http cache https://registry.npmjs.org/@expo%2fconfig 6ms (cache hit)
182 silly packumentCache corgi:https://registry.npmjs.org/@expo%2fconfig set size:542603 disposed:false
183 http cache https://registry.npmjs.org/@expo%2finline-modules 10ms (cache hit)
184 silly packumentCache corgi:https://registry.npmjs.org/@expo%2finline-modules set size:21605 disposed:false
185 http cache https://registry.npmjs.org/expo 10ms (cache hit)
186 silly packumentCache corgi:https://registry.npmjs.org/expo set size:1770082 disposed:false
187 http cache https://registry.npmjs.org/expo-splash-screen 18ms (cache hit)
188 silly packumentCache corgi:https://registry.npmjs.org/expo-splash-screen set size:278224 disposed:false
189 http cache https://registry.npmjs.org/@expo%2fcli 21ms (cache hit)
190 silly packumentCache corgi:https://registry.npmjs.org/@expo%2fcli set size:1643682 disposed:false
191 http cache https://registry.npmjs.org/@expo%2fprebuild-config 28ms (cache hit)
192 silly packumentCache corgi:https://registry.npmjs.org/@expo%2fprebuild-config set size:383830 disposed:false
193 silly packumentCache corgi:https://registry.npmjs.org/@expo%2flocal-build-cache-provider cache-miss
194 silly packumentCache corgi:https://registry.npmjs.org/@expo%2fmetro-config cache-miss
195 http cache https://registry.npmjs.org/@expo%2flocal-build-cache-provider 10ms (cache hit)
196 silly packumentCache corgi:https://registry.npmjs.org/@expo%2flocal-build-cache-provider set size:50741 disposed:false
197 http cache https://registry.npmjs.org/@expo%2fmetro-config 10ms (cache hit)
198 silly packumentCache corgi:https://registry.npmjs.org/@expo%2fmetro-config set size:582725 disposed:false
199 silly packumentCache corgi:https://registry.npmjs.org/@expo%2fdom-webview cache-miss
200 silly packumentCache corgi:https://registry.npmjs.org/@expo%2flog-box cache-miss
201 silly packumentCache corgi:https://registry.npmjs.org/@expo%2fmetro-runtime cache-miss
202 silly packumentCache corgi:https://registry.npmjs.org/@expo%2fui cache-miss
203 silly packumentCache corgi:https://registry.npmjs.org/babel-preset-expo cache-miss
204 silly packumentCache corgi:https://registry.npmjs.org/expo-asset cache-miss
205 silly packumentCache corgi:https://registry.npmjs.org/expo-constants cache-miss
206 silly packumentCache corgi:https://registry.npmjs.org/expo-device cache-miss
207 silly packumentCache corgi:https://registry.npmjs.org/expo-file-system cache-miss
208 silly packumentCache corgi:https://registry.npmjs.org/expo-font cache-miss
209 silly packumentCache corgi:https://registry.npmjs.org/expo-glass-effect cache-miss
210 silly packumentCache corgi:https://registry.npmjs.org/expo-image cache-miss
211 silly packumentCache corgi:https://registry.npmjs.org/expo-keep-awake cache-miss
212 silly packumentCache corgi:https://registry.npmjs.org/expo-router cache-miss
213 silly packumentCache corgi:https://registry.npmjs.org/expo-secure-store cache-miss
214 silly packumentCache corgi:https://registry.npmjs.org/expo-status-bar cache-miss
215 silly packumentCache corgi:https://registry.npmjs.org/expo-symbols cache-miss
216 silly packumentCache corgi:https://registry.npmjs.org/expo-system-ui cache-miss
217 silly packumentCache corgi:https://registry.npmjs.org/expo-web-browser cache-miss
218 silly packumentCache corgi:https://registry.npmjs.org/@expo%2frouter-server cache-miss
219 http cache https://registry.npmjs.org/@expo%2fmetro-runtime 49ms (cache hit)
220 silly packumentCache corgi:https://registry.npmjs.org/@expo%2fmetro-runtime set size:195831 disposed:false
221 http cache https://registry.npmjs.org/@expo%2fui 51ms (cache hit)
222 silly packumentCache corgi:https://registry.npmjs.org/@expo%2fui set size:148273 disposed:false
223 http cache https://registry.npmjs.org/expo-asset 52ms (cache hit)
224 silly packumentCache corgi:https://registry.npmjs.org/expo-asset set size:305922 disposed:false
225 http cache https://registry.npmjs.org/expo-constants 53ms (cache hit)
226 silly packumentCache corgi:https://registry.npmjs.org/expo-constants set size:291346 disposed:false
227 http cache https://registry.npmjs.org/@expo%2flog-box 54ms (cache hit)
228 silly packumentCache corgi:https://registry.npmjs.org/@expo%2flog-box set size:86929 disposed:false
229 http cache https://registry.npmjs.org/expo-device 55ms (cache hit)
230 silly packumentCache corgi:https://registry.npmjs.org/expo-device set size:182389 disposed:false
231 http cache https://registry.npmjs.org/babel-preset-expo 56ms (cache hit)
232 silly packumentCache corgi:https://registry.npmjs.org/babel-preset-expo set size:545916 disposed:false
233 http cache https://registry.npmjs.org/expo-font 58ms (cache hit)
234 silly packumentCache corgi:https://registry.npmjs.org/expo-font set size:242798 disposed:false
235 http cache https://registry.npmjs.org/@expo%2fdom-webview 60ms (cache hit)
236 silly packumentCache corgi:https://registry.npmjs.org/@expo%2fdom-webview set size:97299 disposed:false
237 http cache https://registry.npmjs.org/expo-system-ui 59ms (cache hit)
238 silly packumentCache corgi:https://registry.npmjs.org/expo-system-ui set size:201735 disposed:false
239 http cache https://registry.npmjs.org/expo-image 61ms (cache hit)
240 silly packumentCache corgi:https://registry.npmjs.org/expo-image set size:231403 disposed:false
241 http cache https://registry.npmjs.org/expo-keep-awake 62ms (cache hit)
242 silly packumentCache corgi:https://registry.npmjs.org/expo-keep-awake set size:190028 disposed:false
243 http cache https://registry.npmjs.org/expo-status-bar 63ms (cache hit)
244 silly packumentCache corgi:https://registry.npmjs.org/expo-status-bar set size:192703 disposed:false
245 http cache https://registry.npmjs.org/expo-secure-store 64ms (cache hit)
246 silly packumentCache corgi:https://registry.npmjs.org/expo-secure-store set size:181044 disposed:false
247 http cache https://registry.npmjs.org/expo-symbols 64ms (cache hit)
248 silly packumentCache corgi:https://registry.npmjs.org/expo-symbols set size:146004 disposed:false
249 http cache https://registry.npmjs.org/expo-file-system 67ms (cache hit)
250 silly packumentCache corgi:https://registry.npmjs.org/expo-file-system set size:291994 disposed:false
251 http cache https://registry.npmjs.org/expo-glass-effect 68ms (cache hit)
252 silly packumentCache corgi:https://registry.npmjs.org/expo-glass-effect set size:80815 disposed:false
253 http cache https://registry.npmjs.org/expo-router 68ms (cache hit)
254 silly packumentCache corgi:https://registry.npmjs.org/expo-router set size:927423 disposed:false
255 http cache https://registry.npmjs.org/expo-web-browser 71ms (cache hit)
256 silly packumentCache corgi:https://registry.npmjs.org/expo-web-browser set size:207125 disposed:false
257 http cache https://registry.npmjs.org/@expo%2frouter-server 74ms (cache hit)
258 silly packumentCache corgi:https://registry.npmjs.org/@expo%2frouter-server set size:104410 disposed:false
259 http fetch GET 200 https://registry.npmjs.org/react-native-svg/-/react-native-svg-15.15.5.tgz 630ms (cache miss)
260 http fetch GET 200 https://registry.npmjs.org/lucide-react-native/-/lucide-react-native-1.21.0.tgz 990ms (cache miss)
261 silly ADD node_modules/entities
262 silly ADD node_modules/dom-serializer
263 silly ADD node_modules/domelementtype
264 silly ADD node_modules/mdn-data
265 silly ADD node_modules/nth-check
266 silly ADD node_modules/domutils
267 silly ADD node_modules/domhandler
268 silly ADD node_modules/css-what
269 silly ADD node_modules/boolbase
270 silly ADD node_modules/css-tree
271 silly ADD node_modules/css-tree/node_modules/source-map
272 silly ADD node_modules/css-select
273 silly ADD node_modules/react-native-svg
274 silly ADD node_modules/lucide-react-native
275 silly ADD
276 silly ADD
277 silly ADD
278 silly ADD
279 silly ADD
280 silly ADD
281 silly ADD
282 silly ADD
283 silly ADD
284 silly ADD
285 verbose cwd /Users/soniaarora/code/rollstone
286 verbose os Darwin 23.6.0
287 verbose node v22.20.0
288 verbose npm  v10.9.3
289 verbose exit 0
290 info ok
